2013-04-01 11:42:39.312 [INFO] SANDCustomLogger.Class:40 - System Started
2013-04-01 11:42:39.859 [INFO] SANDCustomLogger.Class:40 - StatusChecker Started System Checker
2013-04-01 11:42:40.796 [WARN] org.apache.http.impl.client.DefaultTargetAuthenticationHandler:149 - Authentication scheme ntlm not supported
2013-04-01 11:42:40.812 [WARN] org.apache.http.impl.client.DefaultTargetAuthenticationHandler:149 - Authentication scheme ntlm not supported
2013-04-01 11:42:41.953 [INFO] SANDCustomLogger.Class:40 - MailReader : Connected into Main function Mail Reader
2013-04-01 11:42:41.984 [INFO] SANDCustomLogger.Class:40 - Connected
2013-04-01 11:42:42.000 [INFO] SANDCustomLogger.Class:40 - completedSuccessfullyMailsize: 0
2013-04-01 11:42:52.000 [INFO] SANDCustomLogger.Class:40 - completedFailedMailsize: 0
2013-04-01 11:42:56.468 [INFO] SANDCustomLogger.Class:40 - PROCESSED sending FailedcompletedMails
2013-04-01 11:42:56.484 [INFO] SANDCustomLogger.Class:40 - completedPartiallyFailedMailsize: 1
2013-04-01 11:43:24.109 [ERROR] SANDCustomLogger.Class:16 - can't send the attachment file of email: 410
2013-04-01 11:43:24.109 [INFO] SANDCustomLogger.Class:40 - PROCESSED Sending:AAASAGFwcHVhdEBNb2JpbmlsLmNvbQBGAAAAAABR8EaerIwXR4Y0pKt5FUfXBwBlzDVV5o9RRpAT83bwpw00AAABJl2zAACQmWQny8BQR5C1+vfgmkD9AAj79RkFAAA=
2013-04-01 11:43:24.109 [INFO] SANDCustomLogger.Class:40 - PROCESSED sending PartiallyFailedcompletedMails
2013-04-01 11:43:40.265 [INFO] SANDCustomLogger.Class:40 - StatusChecker Started System Checker
2013-04-01 11:43:40.343 [INFO] SANDCustomLogger.Class:40 - StatusChecker updating the email with empty file and not sending
2013-04-01 11:43:43.515 [INFO] SANDCustomLogger.Class:40 - beginig of prepareAttachmentFile for email: 410
2013-04-01 11:44:24.406 [WARN] org.apache.http.impl.client.DefaultTargetAuthenticationHandler:149 - Authentication scheme ntlm not supported
2013-04-01 11:44:25.312 [INFO] SANDCustomLogger.Class:40 - Connected
2013-04-01 11:44:25.312 [INFO] SANDCustomLogger.Class:40 - completedSuccessfullyMailsize: 0
2013-04-01 11:44:29.671 [INFO] SANDCustomLogger.Class:40 - completedFailedMailsize: 0
2013-04-01 11:44:35.468 [INFO] SANDCustomLogger.Class:40 - PROCESSED sending FailedcompletedMails
2013-04-01 11:44:35.468 [INFO] SANDCustomLogger.Class:40 - completedPartiallyFailedMailsize: 0
2013-04-01 11:44:54.609 [INFO] SANDCustomLogger.Class:40 - PROCESSED sending PartiallyFailedcompletedMails
2013-04-01 11:46:00.359 [WARN] org.apache.http.impl.client.DefaultTargetAuthenticationHandler:149 - Authentication scheme ntlm not supported
2013-04-01 11:46:02.687 [INFO] SANDCustomLogger.Class:40 - Connected
2013-04-01 11:46:02.687 [INFO] SANDCustomLogger.Class:40 - completedSuccessfullyMailsize: 0
2013-04-01 11:46:11.343 [INFO] SANDCustomLogger.Class:40 - completedFailedMailsize: 0
2013-04-01 11:46:18.781 [INFO] SANDCustomLogger.Class:40 - PROCESSED sending FailedcompletedMails
2013-04-01 11:46:18.781 [INFO] SANDCustomLogger.Class:40 - completedPartiallyFailedMailsize: 0
2013-04-01 11:46:28.000 [INFO] SANDCustomLogger.Class:40 - PROCESSED sending PartiallyFailedcompletedMails
2013-04-01 11:47:29.093 [WARN] org.apache.http.impl.client.DefaultTargetAuthenticationHandler:149 - Authentication scheme ntlm not supported
2013-04-01 11:47:29.765 [INFO] SANDCustomLogger.Class:40 - Connected
2013-04-01 11:47:29.765 [INFO] SANDCustomLogger.Class:40 - completedSuccessfullyMailsize: 0
2013-04-01 11:47:36.312 [INFO] SANDCustomLogger.Class:40 - completedFailedMailsize: 0
2013-04-01 11:47:45.437 [INFO] SANDCustomLogger.Class:40 - PROCESSED sending FailedcompletedMails
2013-04-01 11:47:45.437 [INFO] SANDCustomLogger.Class:40 - completedPartiallyFailedMailsize: 0
2013-04-01 11:47:49.828 [INFO] SANDCustomLogger.Class:40 - PROCESSED sending PartiallyFailedcompletedMails
2013-04-01 11:48:50.125 [WARN] org.apache.http.impl.client.DefaultTargetAuthenticationHandler:149 - Authentication scheme ntlm not supported
2013-04-01 11:48:50.796 [INFO] SANDCustomLogger.Class:40 - Connected
2013-04-01 11:48:50.796 [INFO] SANDCustomLogger.Class:40 - completedSuccessfullyMailsize: 0
2013-04-01 11:48:54.843 [INFO] SANDCustomLogger.Class:40 - completedFailedMailsize: 0
2013-04-01 11:48:58.875 [INFO] SANDCustomLogger.Class:40 - PROCESSED sending FailedcompletedMails
2013-04-01 11:48:58.875 [INFO] SANDCustomLogger.Class:40 - completedPartiallyFailedMailsize: 0
2013-04-01 11:49:02.937 [INFO] SANDCustomLogger.Class:40 - PROCESSED sending PartiallyFailedcompletedMails
2013-04-01 11:50:03.218 [WARN] org.apache.http.impl.client.DefaultTargetAuthenticationHandler:149 - Authentication scheme ntlm not supported
2013-04-01 11:50:04.156 [INFO] SANDCustomLogger.Class:40 - Connected
2013-04-01 11:50:04.156 [INFO] SANDCustomLogger.Class:40 - completedSuccessfullyMailsize: 0
2013-04-01 11:50:08.250 [INFO] SANDCustomLogger.Class:40 - completedFailedMailsize: 0
2013-04-01 11:50:12.406 [INFO] SANDCustomLogger.Class:40 - PROCESSED sending FailedcompletedMails
2013-04-01 11:50:12.406 [INFO] SANDCustomLogger.Class:40 - completedPartiallyFailedMailsize: 0
2013-04-01 11:50:16.453 [INFO] SANDCustomLogger.Class:40 - PROCESSED sending PartiallyFailedcompletedMails
2013-04-01 11:51:17.062 [WARN] org.apache.http.impl.client.DefaultTargetAuthenticationHandler:149 - Authentication scheme ntlm not supported
2013-04-01 11:51:17.671 [INFO] SANDCustomLogger.Class:40 - Connected
2013-04-01 11:51:17.671 [INFO] SANDCustomLogger.Class:40 - completedSuccessfullyMailsize: 0
2013-04-01 11:51:21.734 [INFO] SANDCustomLogger.Class:40 - completedFailedMailsize: 0
2013-04-01 11:51:30.218 [INFO] SANDCustomLogger.Class:40 - PROCESSED sending FailedcompletedMails
2013-04-01 11:51:30.218 [INFO] SANDCustomLogger.Class:40 - completedPartiallyFailedMailsize: 0
2013-04-01 11:51:36.203 [INFO] SANDCustomLogger.Class:40 - PROCESSED sending PartiallyFailedcompletedMails
2013-04-01 11:52:37.546 [WARN] org.apache.http.impl.client.DefaultTargetAuthenticationHandler:149 - Authentication scheme ntlm not supported
2013-04-01 11:52:41.171 [INFO] SANDCustomLogger.Class:40 - Connected
2013-04-01 11:52:41.171 [INFO] SANDCustomLogger.Class:40 - completedSuccessfullyMailsize: 0
2013-04-01 11:52:49.562 [INFO] SANDCustomLogger.Class:40 - completedFailedMailsize: 0
2013-04-01 11:52:57.234 [INFO] SANDCustomLogger.Class:40 - PROCESSED sending FailedcompletedMails
2013-04-01 11:52:57.234 [INFO] SANDCustomLogger.Class:40 - completedPartiallyFailedMailsize: 0
2013-04-01 11:53:03.296 [INFO] SANDCustomLogger.Class:40 - PROCESSED sending PartiallyFailedcompletedMails
2013-04-01 11:54:04.359 [WARN] org.apache.http.impl.client.DefaultTargetAuthenticationHandler:149 - Authentication scheme ntlm not supported
2013-04-01 11:54:09.515 [INFO] SANDCustomLogger.Class:40 - Connected
2013-04-01 11:54:09.531 [INFO] SANDCustomLogger.Class:40 - completedSuccessfullyMailsize: 0
2013-04-01 11:54:16.250 [INFO] SANDCustomLogger.Class:40 - completedFailedMailsize: 0
2013-04-01 11:54:27.437 [INFO] SANDCustomLogger.Class:40 - PROCESSED sending FailedcompletedMails
2013-04-01 11:54:27.437 [INFO] SANDCustomLogger.Class:40 - completedPartiallyFailedMailsize: 0
2013-04-01 11:54:33.984 [INFO] SANDCustomLogger.Class:40 - PROCESSED sending PartiallyFailedcompletedMails
2013-04-01 11:55:34.968 [WARN] org.apache.http.impl.client.DefaultTargetAuthenticationHandler:149 - Authentication scheme ntlm not supported
2013-04-01 11:55:38.296 [INFO] SANDCustomLogger.Class:40 - Connected
2013-04-01 11:55:38.296 [INFO] SANDCustomLogger.Class:40 - completedSuccessfullyMailsize: 0
2013-04-01 11:56:05.359 [INFO] SANDCustomLogger.Class:40 - completedFailedMailsize: 0
2013-04-01 11:56:15.250 [INFO] SANDCustomLogger.Class:40 - PROCESSED sending FailedcompletedMails
2013-04-01 11:56:15.250 [INFO] SANDCustomLogger.Class:40 - completedPartiallyFailedMailsize: 0
2013-04-01 11:56:23.187 [INFO] SANDCustomLogger.Class:40 - PROCESSED sending PartiallyFailedcompletedMails
2013-04-01 11:57:23.796 [INFO] SANDCustomLogger.Class:40 - System Started
2013-04-01 11:57:24.328 [INFO] SANDCustomLogger.Class:40 - StatusChecker Started System Checker
2013-04-01 11:57:26.406 [WARN] org.apache.http.impl.client.DefaultTargetAuthenticationHandler:149 - Authentication scheme ntlm not supported
2013-04-01 11:57:28.578 [WARN] org.apache.http.impl.client.DefaultTargetAuthenticationHandler:149 - Authentication scheme ntlm not supported
2013-04-01 11:57:32.093 [INFO] SANDCustomLogger.Class:40 - MailReader : Connected into Main function Mail Reader
2013-04-01 11:57:32.531 [INFO] SANDCustomLogger.Class:40 - Connected
2013-04-01 11:57:32.546 [INFO] SANDCustomLogger.Class:40 - completedSuccessfullyMailsize: 0
2013-04-01 11:57:40.875 [INFO] SANDCustomLogger.Class:40 - completedFailedMailsize: 0
2013-04-01 11:57:47.093 [INFO] SANDCustomLogger.Class:40 - PROCESSED sending FailedcompletedMails
2013-04-01 11:57:47.093 [INFO] SANDCustomLogger.Class:40 - completedPartiallyFailedMailsize: 0
2013-04-01 11:57:52.765 [INFO] SANDCustomLogger.Class:40 - PROCESSED sending PartiallyFailedcompletedMails
2013-04-01 11:58:24.656 [INFO] SANDCustomLogger.Class:40 - StatusChecker Started System Checker
2013-04-01 11:58:24.734 [INFO] SANDCustomLogger.Class:40 - StatusChecker updating the email with empty file and not sending
2013-04-01 11:58:54.000 [WARN] org.apache.http.impl.client.DefaultTargetAuthenticationHandler:149 - Authentication scheme ntlm not supported
2013-04-01 11:58:58.484 [INFO] SANDCustomLogger.Class:40 - Connected
2013-04-01 11:58:58.484 [INFO] SANDCustomLogger.Class:40 - completedSuccessfullyMailsize: 0
2013-04-01 11:59:14.109 [INFO] SANDCustomLogger.Class:40 - completedFailedMailsize: 0
2013-04-01 11:59:21.515 [INFO] SANDCustomLogger.Class:40 - PROCESSED sending FailedcompletedMails
2013-04-01 11:59:21.515 [INFO] SANDCustomLogger.Class:40 - completedPartiallyFailedMailsize: 0
2013-04-01 11:59:25.062 [INFO] SANDCustomLogger.Class:40 - StatusChecker Started System Checker
2013-04-01 11:59:31.093 [INFO] SANDCustomLogger.Class:40 - PROCESSED sending PartiallyFailedcompletedMails
2013-04-01 12:00:25.312 [INFO] SANDCustomLogger.Class:40 - StatusChecker Started System Checker
2013-04-01 12:00:35.750 [WARN] org.apache.http.impl.client.DefaultTargetAuthenticationHandler:149 - Authentication scheme ntlm not supported
2013-04-01 12:00:41.406 [INFO] SANDCustomLogger.Class:40 - Connected
2013-04-01 12:00:41.406 [INFO] SANDCustomLogger.Class:40 - completedSuccessfullyMailsize: 0
2013-04-01 12:01:25.531 [INFO] SANDCustomLogger.Class:40 - StatusChecker Started System Checker
2013-04-01 12:01:34.125 [INFO] SANDCustomLogger.Class:40 - completedFailedMailsize: 0
2013-04-01 12:02:21.390 [INFO] SANDCustomLogger.Class:40 - PROCESSED sending FailedcompletedMails
2013-04-01 12:02:21.390 [INFO] SANDCustomLogger.Class:40 - completedPartiallyFailedMailsize: 0
2013-04-01 12:02:25.812 [INFO] SANDCustomLogger.Class:40 - StatusChecker Started System Checker
2013-04-01 12:03:26.062 [INFO] SANDCustomLogger.Class:40 - StatusChecker Started System Checker
2013-04-01 12:04:06.937 [INFO] SANDCustomLogger.Class:40 - PROCESSED sending PartiallyFailedcompletedMails
2013-04-01 12:04:26.234 [INFO] SANDCustomLogger.Class:40 - StatusChecker Started System Checker
2013-04-01 12:05:13.312 [ERROR] SANDCustomLogger.Class:16 - Can't Access Mailbox
2013-04-01 12:05:26.593 [INFO] SANDCustomLogger.Class:40 - StatusChecker Started System Checker
2013-04-01 12:06:22.171 [ERROR] SANDCustomLogger.Class:16 - Can't Access Mailbox
2013-04-01 12:06:26.921 [INFO] SANDCustomLogger.Class:40 - StatusChecker Started System Checker
2013-04-01 12:07:26.375 [WARN] org.apache.http.impl.client.DefaultTargetAuthenticationHandler:149 - Authentication scheme ntlm not supported
2013-04-01 12:07:27.265 [INFO] SANDCustomLogger.Class:40 - StatusChecker Started System Checker
2013-04-01 12:40:49.828 [INFO] SANDCustomLogger.Class:40 - System Started
2013-04-01 12:40:53.156 [INFO] SANDCustomLogger.Class:40 - StatusChecker Started System Checker
2013-04-01 12:40:59.328 [WARN] org.apache.http.impl.client.DefaultTargetAuthenticationHandler:149 - Authentication scheme ntlm not supported
2013-04-01 12:41:00.171 [ERROR] SANDCustomLogger.Class:16 - Can't Access Mailbox
2013-04-01 12:41:53.531 [INFO] SANDCustomLogger.Class:40 - StatusChecker Started System Checker
2013-04-01 12:42:04.281 [WARN] org.apache.http.impl.client.DefaultTargetAuthenticationHandler:149 - Authentication scheme ntlm not supported
2013-04-01 12:42:37.203 [INFO] SANDCustomLogger.Class:40 - Connected
2013-04-01 12:42:37.203 [INFO] SANDCustomLogger.Class:40 - completedSuccessfullyMailsize: 0
2013-04-01 12:42:53.875 [INFO] SANDCustomLogger.Class:40 - StatusChecker Started System Checker
2013-04-01 12:43:06.671 [INFO] SANDCustomLogger.Class:40 - completedFailedMailsize: 0
2013-04-01 12:43:43.468 [INFO] SANDCustomLogger.Class:40 - PROCESSED sending FailedcompletedMails
2013-04-01 12:43:43.468 [INFO] SANDCustomLogger.Class:40 - completedPartiallyFailedMailsize: 0
2013-04-01 12:43:54.156 [INFO] SANDCustomLogger.Class:40 - StatusChecker Started System Checker
2013-04-01 12:44:34.718 [INFO] SANDCustomLogger.Class:40 - PROCESSED sending PartiallyFailedcompletedMails
2013-04-01 12:44:54.421 [INFO] SANDCustomLogger.Class:40 - StatusChecker Started System Checker
2013-04-01 12:44:56.687 [ERROR] SANDCustomLogger.Class:16 - Can't Access Mailbox
2013-04-01 12:45:38.656 [WARN] org.apache.http.impl.client.DefaultTargetAuthenticationHandler:149 - Authentication scheme ntlm not supported
2013-04-01 12:45:54.734 [INFO] SANDCustomLogger.Class:40 - StatusChecker Started System Checker
2013-04-01 12:46:01.578 [WARN] org.apache.http.impl.client.DefaultTargetAuthenticationHandler:149 - Authentication scheme ntlm not supported
2013-04-01 12:46:12.265 [INFO] SANDCustomLogger.Class:40 - Connected
2013-04-01 12:46:12.265 [INFO] SANDCustomLogger.Class:40 - completedSuccessfullyMailsize: 0
2013-04-01 12:46:46.968 [INFO] SANDCustomLogger.Class:40 - completedFailedMailsize: 0
2013-04-01 12:46:54.968 [INFO] SANDCustomLogger.Class:40 - StatusChecker Started System Checker
2013-04-01 12:47:05.750 [INFO] SANDCustomLogger.Class:40 - Connected
2013-04-01 12:47:35.421 [INFO] SANDCustomLogger.Class:40 - PROCESSED sending FailedcompletedMails
2013-04-01 12:47:35.421 [INFO] SANDCustomLogger.Class:40 - completedPartiallyFailedMailsize: 0
2013-04-01 12:47:55.265 [INFO] SANDCustomLogger.Class:40 - StatusChecker Started System Checker
2013-04-01 12:48:22.109 [INFO] SANDCustomLogger.Class:40 - PROCESSED sending PartiallyFailedcompletedMails
2013-04-01 12:48:26.968 [ERROR] SANDCustomLogger.Class:16 - Can't Access Mailbox
2013-04-01 12:48:55.546 [INFO] SANDCustomLogger.Class:40 - StatusChecker Started System Checker
2013-04-01 12:49:32.453 [ERROR] SANDCustomLogger.Class:16 - Can't Access Mailbox
2013-04-01 12:49:36.109 [WARN] org.apache.http.impl.client.DefaultTargetAuthenticationHandler:149 - Authentication scheme ntlm not supported
2013-04-01 12:49:55.843 [INFO] SANDCustomLogger.Class:40 - StatusChecker Started System Checker
2013-04-01 12:50:39.250 [WARN] org.apache.http.impl.client.DefaultTargetAuthenticationHandler:149 - Authentication scheme ntlm not supported
2013-04-01 12:50:56.218 [INFO] SANDCustomLogger.Class:40 - StatusChecker Started System Checker
2013-04-01 12:50:58.562 [INFO] SANDCustomLogger.Class:40 - MailReader : Connected into Main function Mail Reader
2013-04-01 12:51:08.875 [INFO] SANDCustomLogger.Class:40 - Connected
2013-04-01 12:51:08.875 [INFO] SANDCustomLogger.Class:40 - completedSuccessfullyMailsize: 0
2013-04-01 12:51:40.078 [INFO] SANDCustomLogger.Class:40 - completedFailedMailsize: 0
2013-04-01 12:51:55.250 [INFO] SANDCustomLogger.Class:40 - PROCESSED sending FailedcompletedMails
2013-04-01 12:51:55.250 [INFO] SANDCustomLogger.Class:40 - completedPartiallyFailedMailsize: 0
2013-04-01 12:51:56.515 [INFO] SANDCustomLogger.Class:40 - StatusChecker Started System Checker
2013-04-01 12:51:56.593 [INFO] SANDCustomLogger.Class:40 - StatusChecker updating the email with empty file and not sending
2013-04-01 12:52:10.671 [INFO] SANDCustomLogger.Class:40 - PROCESSED sending PartiallyFailedcompletedMails
2013-04-01 12:52:57.000 [INFO] SANDCustomLogger.Class:40 - StatusChecker Started System Checker
2013-04-01 12:53:12.125 [WARN] org.apache.http.impl.client.DefaultTargetAuthenticationHandler:149 - Authentication scheme ntlm not supported
2013-04-01 12:53:24.359 [INFO] SANDCustomLogger.Class:40 - Connected
2013-04-01 12:53:24.359 [INFO] SANDCustomLogger.Class:40 - completedSuccessfullyMailsize: 0
2013-04-01 12:53:40.843 [INFO] SANDCustomLogger.Class:40 - completedFailedMailsize: 0
2013-04-01 12:53:52.843 [INFO] SANDCustomLogger.Class:40 - PROCESSED sending FailedcompletedMails
2013-04-01 12:53:52.843 [INFO] SANDCustomLogger.Class:40 - completedPartiallyFailedMailsize: 0
2013-04-01 12:53:57.359 [INFO] SANDCustomLogger.Class:40 - StatusChecker Started System Checker
2013-04-01 12:54:05.390 [INFO] SANDCustomLogger.Class:40 - PROCESSED sending PartiallyFailedcompletedMails
2013-04-01 12:54:57.531 [INFO] SANDCustomLogger.Class:40 - StatusChecker Started System Checker
2013-04-01 12:55:05.687 [WARN] org.apache.http.impl.client.DefaultTargetAuthenticationHandler:149 - Authentication scheme ntlm not supported
2013-04-01 12:55:06.640 [INFO] SANDCustomLogger.Class:40 - Connected
2013-04-01 12:55:06.640 [INFO] SANDCustomLogger.Class:40 - completedSuccessfullyMailsize: 0
2013-04-01 12:55:11.468 [INFO] SANDCustomLogger.Class:40 - completedFailedMailsize: 0
2013-04-01 12:55:15.984 [INFO] SANDCustomLogger.Class:40 - PROCESSED sending FailedcompletedMails
2013-04-01 12:55:15.984 [INFO] SANDCustomLogger.Class:40 - completedPartiallyFailedMailsize: 0
2013-04-01 12:55:20.109 [INFO] SANDCustomLogger.Class:40 - PROCESSED sending PartiallyFailedcompletedMails
2013-04-01 12:55:57.984 [INFO] SANDCustomLogger.Class:40 - StatusChecker Started System Checker
2013-04-01 12:56:20.468 [WARN] org.apache.http.impl.client.DefaultTargetAuthenticationHandler:149 - Authentication scheme ntlm not supported
2013-04-01 12:56:21.656 [INFO] SANDCustomLogger.Class:40 - Connected
2013-04-01 12:56:21.656 [INFO] SANDCustomLogger.Class:40 - completedSuccessfullyMailsize: 0
2013-04-01 12:56:27.218 [INFO] SANDCustomLogger.Class:40 - completedFailedMailsize: 0
2013-04-01 12:56:31.750 [INFO] SANDCustomLogger.Class:40 - PROCESSED sending FailedcompletedMails
2013-04-01 12:56:31.750 [INFO] SANDCustomLogger.Class:40 - completedPartiallyFailedMailsize: 0
2013-04-01 12:56:37.062 [INFO] SANDCustomLogger.Class:40 - PROCESSED sending PartiallyFailedcompletedMails
2013-04-01 12:56:58.140 [INFO] SANDCustomLogger.Class:40 - StatusChecker Started System Checker
2013-04-01 12:57:37.296 [WARN] org.apache.http.impl.client.DefaultTargetAuthenticationHandler:149 - Authentication scheme ntlm not supported
2013-04-01 12:57:38.234 [INFO] SANDCustomLogger.Class:40 - Connected
2013-04-01 12:57:38.234 [INFO] SANDCustomLogger.Class:40 - completedSuccessfullyMailsize: 0
2013-04-01 12:57:42.625 [INFO] SANDCustomLogger.Class:40 - completedFailedMailsize: 0
2013-04-01 12:57:47.156 [INFO] SANDCustomLogger.Class:40 - PROCESSED sending FailedcompletedMails
2013-04-01 12:57:47.156 [INFO] SANDCustomLogger.Class:40 - completedPartiallyFailedMailsize: 0
2013-04-01 12:57:51.437 [INFO] SANDCustomLogger.Class:40 - PROCESSED sending PartiallyFailedcompletedMails
2013-04-01 12:57:58.296 [INFO] SANDCustomLogger.Class:40 - StatusChecker Started System Checker
2013-04-01 12:58:52.343 [WARN] org.apache.http.impl.client.DefaultTargetAuthenticationHandler:149 - Authentication scheme ntlm not supported
2013-04-01 12:58:54.718 [INFO] SANDCustomLogger.Class:40 - Connected
2013-04-01 12:58:54.718 [INFO] SANDCustomLogger.Class:40 - completedSuccessfullyMailsize: 0
2013-04-01 12:58:58.609 [INFO] SANDCustomLogger.Class:40 - StatusChecker Started System Checker
2013-04-01 12:59:01.562 [INFO] SANDCustomLogger.Class:40 - completedFailedMailsize: 0
2013-04-01 12:59:06.000 [INFO] SANDCustomLogger.Class:40 - PROCESSED sending FailedcompletedMails
2013-04-01 12:59:06.000 [INFO] SANDCustomLogger.Class:40 - completedPartiallyFailedMailsize: 0
2013-04-01 12:59:10.468 [INFO] SANDCustomLogger.Class:40 - PROCESSED sending PartiallyFailedcompletedMails
2013-04-01 12:59:58.781 [INFO] SANDCustomLogger.Class:40 - StatusChecker Started System Checker
2013-04-01 13:00:10.734 [WARN] org.apache.http.impl.client.DefaultTargetAuthenticationHandler:149 - Authentication scheme ntlm not supported
2013-04-01 13:00:11.593 [INFO] SANDCustomLogger.Class:40 - Connected
2013-04-01 13:00:11.593 [INFO] SANDCustomLogger.Class:40 - completedSuccessfullyMailsize: 0
2013-04-01 13:00:15.828 [INFO] SANDCustomLogger.Class:40 - completedFailedMailsize: 0
2013-04-01 13:00:20.000 [INFO] SANDCustomLogger.Class:40 - PROCESSED sending FailedcompletedMails
2013-04-01 13:00:20.000 [INFO] SANDCustomLogger.Class:40 - completedPartiallyFailedMailsize: 0
2013-04-01 13:00:24.906 [INFO] SANDCustomLogger.Class:40 - PROCESSED sending PartiallyFailedcompletedMails
2013-04-01 13:00:58.953 [INFO] SANDCustomLogger.Class:40 - StatusChecker Started System Checker
2013-04-01 13:01:25.203 [WARN] org.apache.http.impl.client.DefaultTargetAuthenticationHandler:149 - Authentication scheme ntlm not supported
2013-04-01 13:01:30.125 [INFO] SANDCustomLogger.Class:40 - Connected
2013-04-01 13:01:30.125 [INFO] SANDCustomLogger.Class:40 - completedSuccessfullyMailsize: 0
2013-04-01 13:01:34.796 [INFO] SANDCustomLogger.Class:40 - completedFailedMailsize: 0
2013-04-01 13:01:39.187 [INFO] SANDCustomLogger.Class:40 - PROCESSED sending FailedcompletedMails
2013-04-01 13:01:39.203 [INFO] SANDCustomLogger.Class:40 - completedPartiallyFailedMailsize: 0
2013-04-01 13:01:43.406 [INFO] SANDCustomLogger.Class:40 - PROCESSED sending PartiallyFailedcompletedMails
2013-04-01 13:01:59.390 [INFO] SANDCustomLogger.Class:40 - StatusChecker Started System Checker
2013-04-01 13:02:59.546 [INFO] SANDCustomLogger.Class:40 - StatusChecker Started System Checker
2013-04-01 13:02:59.718 [ERROR] SANDCustomLogger.Class:16 - Can't Access Mailbox
2013-04-01 13:03:59.718 [INFO] SANDCustomLogger.Class:40 - StatusChecker Started System Checker
2013-04-01 13:04:00.000 [WARN] org.apache.http.impl.client.DefaultTargetAuthenticationHandler:149 - Authentication scheme ntlm not supported
2013-04-01 13:04:00.625 [INFO] SANDCustomLogger.Class:40 - Connected
2013-04-01 13:04:00.625 [INFO] SANDCustomLogger.Class:40 - completedSuccessfullyMailsize: 0
2013-04-01 13:04:04.906 [INFO] SANDCustomLogger.Class:40 - completedFailedMailsize: 0
2013-04-01 13:04:09.156 [INFO] SANDCustomLogger.Class:40 - PROCESSED sending FailedcompletedMails
2013-04-01 13:04:09.156 [INFO] SANDCustomLogger.Class:40 - completedPartiallyFailedMailsize: 0
2013-04-01 13:04:15.515 [INFO] SANDCustomLogger.Class:40 - PROCESSED sending PartiallyFailedcompletedMails
2013-04-01 13:05:00.015 [INFO] SANDCustomLogger.Class:40 - StatusChecker Started System Checker
2013-04-01 13:05:16.750 [WARN] org.apache.http.impl.client.DefaultTargetAuthenticationHandler:149 - Authentication scheme ntlm not supported
2013-04-01 13:05:19.578 [INFO] SANDCustomLogger.Class:40 - Connected
2013-04-01 13:05:19.578 [INFO] SANDCustomLogger.Class:40 - completedSuccessfullyMailsize: 0
2013-04-01 13:05:31.218 [INFO] SANDCustomLogger.Class:40 - completedFailedMailsize: 0
2013-04-01 13:05:38.500 [INFO] SANDCustomLogger.Class:40 - PROCESSED sending FailedcompletedMails
2013-04-01 13:05:38.500 [INFO] SANDCustomLogger.Class:40 - completedPartiallyFailedMailsize: 0
2013-04-01 13:05:45.203 [INFO] SANDCustomLogger.Class:40 - PROCESSED sending PartiallyFailedcompletedMails
2013-04-01 13:06:00.343 [INFO] SANDCustomLogger.Class:40 - StatusChecker Started System Checker
2013-04-01 13:06:48.125 [WARN] org.apache.http.impl.client.DefaultTargetAuthenticationHandler:149 - Authentication scheme ntlm not supported
2013-04-01 13:06:49.296 [INFO] SANDCustomLogger.Class:40 - Connected
2013-04-01 13:06:49.312 [INFO] SANDCustomLogger.Class:40 - completedSuccessfullyMailsize: 0
2013-04-01 13:07:00.671 [INFO] SANDCustomLogger.Class:40 - StatusChecker Started System Checker
2013-04-01 13:07:03.703 [INFO] SANDCustomLogger.Class:40 - completedFailedMailsize: 0
2013-04-01 13:07:18.421 [INFO] SANDCustomLogger.Class:40 - PROCESSED sending FailedcompletedMails
2013-04-01 13:07:18.421 [INFO] SANDCustomLogger.Class:40 - completedPartiallyFailedMailsize: 0
2013-04-01 13:07:28.015 [INFO] SANDCustomLogger.Class:40 - PROCESSED sending PartiallyFailedcompletedMails
2013-04-01 13:08:01.000 [INFO] SANDCustomLogger.Class:40 - StatusChecker Started System Checker
2013-04-01 13:08:31.781 [WARN] org.apache.http.impl.client.DefaultTargetAuthenticationHandler:149 - Authentication scheme ntlm not supported
2013-04-01 13:08:33.125 [INFO] SANDCustomLogger.Class:40 - Connected
2013-04-01 13:08:33.140 [INFO] SANDCustomLogger.Class:40 - completedSuccessfullyMailsize: 0
2013-04-01 13:08:47.250 [INFO] SANDCustomLogger.Class:40 - completedFailedMailsize: 0
2013-04-01 13:08:58.640 [INFO] SANDCustomLogger.Class:40 - PROCESSED sending FailedcompletedMails
2013-04-01 13:08:58.640 [INFO] SANDCustomLogger.Class:40 - completedPartiallyFailedMailsize: 0
2013-04-01 13:09:01.296 [INFO] SANDCustomLogger.Class:40 - StatusChecker Started System Checker
2013-04-01 13:09:05.218 [INFO] SANDCustomLogger.Class:40 - PROCESSED sending PartiallyFailedcompletedMails
2013-04-01 13:10:01.468 [INFO] SANDCustomLogger.Class:40 - StatusChecker Started System Checker
2013-04-01 13:10:06.484 [WARN] org.apache.http.impl.client.DefaultTargetAuthenticationHandler:149 - Authentication scheme ntlm not supported
2013-04-01 13:10:08.312 [INFO] SANDCustomLogger.Class:40 - Connected
2013-04-01 13:10:08.312 [INFO] SANDCustomLogger.Class:40 - completedSuccessfullyMailsize: 0
2013-04-01 13:10:13.812 [INFO] SANDCustomLogger.Class:40 - completedFailedMailsize: 0
2013-04-01 13:10:19.953 [INFO] SANDCustomLogger.Class:40 - PROCESSED sending FailedcompletedMails
2013-04-01 13:10:19.953 [INFO] SANDCustomLogger.Class:40 - completedPartiallyFailedMailsize: 0
2013-04-01 13:10:38.171 [INFO] SANDCustomLogger.Class:40 - PROCESSED sending PartiallyFailedcompletedMails
2013-04-01 13:11:01.750 [INFO] SANDCustomLogger.Class:40 - StatusChecker Started System Checker
2013-04-01 13:11:39.968 [WARN] org.apache.http.impl.client.DefaultTargetAuthenticationHandler:149 - Authentication scheme ntlm not supported
2013-04-01 13:11:41.359 [INFO] SANDCustomLogger.Class:40 - Connected
2013-04-01 13:11:41.359 [INFO] SANDCustomLogger.Class:40 - completedSuccessfullyMailsize: 0
2013-04-01 13:11:47.281 [INFO] SANDCustomLogger.Class:40 - completedFailedMailsize: 0
2013-04-01 13:11:53.656 [INFO] SANDCustomLogger.Class:40 - PROCESSED sending FailedcompletedMails
2013-04-01 13:11:53.656 [INFO] SANDCustomLogger.Class:40 - completedPartiallyFailedMailsize: 0
2013-04-01 13:11:59.343 [INFO] SANDCustomLogger.Class:40 - PROCESSED sending PartiallyFailedcompletedMails
2013-04-01 13:12:02.093 [INFO] SANDCustomLogger.Class:40 - StatusChecker Started System Checker
2013-04-01 13:12:59.859 [WARN] org.apache.http.impl.client.DefaultTargetAuthenticationHandler:149 - Authentication scheme ntlm not supported
2013-04-01 13:13:01.390 [INFO] SANDCustomLogger.Class:40 - Connected
2013-04-01 13:13:01.390 [INFO] SANDCustomLogger.Class:40 - completedSuccessfullyMailsize: 0
2013-04-01 13:13:02.375 [INFO] SANDCustomLogger.Class:40 - StatusChecker Started System Checker
2013-04-01 13:13:07.656 [INFO] SANDCustomLogger.Class:40 - completedFailedMailsize: 0
2013-04-01 13:13:17.046 [INFO] SANDCustomLogger.Class:40 - PROCESSED sending FailedcompletedMails
2013-04-01 13:13:17.046 [INFO] SANDCustomLogger.Class:40 - completedPartiallyFailedMailsize: 0
2013-04-01 13:13:24.265 [INFO] SANDCustomLogger.Class:40 - PROCESSED sending PartiallyFailedcompletedMails
2013-04-01 13:14:02.546 [INFO] SANDCustomLogger.Class:40 - StatusChecker Started System Checker
2013-04-01 13:14:25.421 [WARN] org.apache.http.impl.client.DefaultTargetAuthenticationHandler:149 - Authentication scheme ntlm not supported
2013-04-01 13:14:27.937 [INFO] SANDCustomLogger.Class:40 - Connected
2013-04-01 13:14:27.937 [INFO] SANDCustomLogger.Class:40 - completedSuccessfullyMailsize: 0
2013-04-01 13:14:38.703 [INFO] SANDCustomLogger.Class:40 - completedFailedMailsize: 0
2013-04-01 13:14:59.250 [INFO] SANDCustomLogger.Class:40 - PROCESSED sending FailedcompletedMails
2013-04-01 13:14:59.250 [INFO] SANDCustomLogger.Class:40 - completedPartiallyFailedMailsize: 0
2013-04-01 13:15:02.843 [INFO] SANDCustomLogger.Class:40 - StatusChecker Started System Checker
2013-04-01 13:15:11.437 [INFO] SANDCustomLogger.Class:40 - PROCESSED sending PartiallyFailedcompletedMails
2013-04-01 13:16:03.187 [INFO] SANDCustomLogger.Class:40 - StatusChecker Started System Checker
2013-04-01 13:16:12.046 [WARN] org.apache.http.impl.client.DefaultTargetAuthenticationHandler:149 - Authentication scheme ntlm not supported
2013-04-01 13:16:14.843 [INFO] SANDCustomLogger.Class:40 - Connected
2013-04-01 13:16:14.843 [INFO] SANDCustomLogger.Class:40 - completedSuccessfullyMailsize: 0
2013-04-01 13:16:32.312 [INFO] SANDCustomLogger.Class:40 - completedFailedMailsize: 0
2013-04-01 13:16:39.375 [INFO] SANDCustomLogger.Class:40 - PROCESSED sending FailedcompletedMails
2013-04-01 13:16:39.375 [INFO] SANDCustomLogger.Class:40 - completedPartiallyFailedMailsize: 0
2013-04-01 13:16:44.703 [INFO] SANDCustomLogger.Class:40 - PROCESSED sending PartiallyFailedcompletedMails
2013-04-01 13:17:03.359 [INFO] SANDCustomLogger.Class:40 - StatusChecker Started System Checker
2013-04-01 13:17:46.359 [WARN] org.apache.http.impl.client.DefaultTargetAuthenticationHandler:149 - Authentication scheme ntlm not supported
2013-04-01 13:17:49.750 [INFO] SANDCustomLogger.Class:40 - Connected
2013-04-01 13:17:49.750 [INFO] SANDCustomLogger.Class:40 - completedSuccessfullyMailsize: 0
2013-04-01 13:18:03.687 [INFO] SANDCustomLogger.Class:40 - StatusChecker Started System Checker
2013-04-01 13:18:04.687 [INFO] SANDCustomLogger.Class:40 - completedFailedMailsize: 0
2013-04-01 13:18:19.437 [INFO] SANDCustomLogger.Class:40 - PROCESSED sending FailedcompletedMails
2013-04-01 13:18:19.437 [INFO] SANDCustomLogger.Class:40 - completedPartiallyFailedMailsize: 0
2013-04-01 13:18:26.828 [INFO] SANDCustomLogger.Class:40 - PROCESSED sending PartiallyFailedcompletedMails
2013-04-01 13:19:04.015 [INFO] SANDCustomLogger.Class:40 - StatusChecker Started System Checker
2013-04-01 13:19:28.484 [WARN] org.apache.http.impl.client.DefaultTargetAuthenticationHandler:149 - Authentication scheme ntlm not supported
2013-04-01 13:19:31.625 [INFO] SANDCustomLogger.Class:40 - Connected
2013-04-01 13:19:31.625 [INFO] SANDCustomLogger.Class:40 - completedSuccessfullyMailsize: 0
2013-04-01 13:19:42.406 [INFO] SANDCustomLogger.Class:40 - completedFailedMailsize: 0
2013-04-01 13:19:51.812 [INFO] SANDCustomLogger.Class:40 - PROCESSED sending FailedcompletedMails
2013-04-01 13:19:51.812 [INFO] SANDCustomLogger.Class:40 - completedPartiallyFailedMailsize: 0
2013-04-01 13:19:59.453 [INFO] SANDCustomLogger.Class:40 - PROCESSED sending PartiallyFailedcompletedMails
2013-04-01 13:20:04.421 [INFO] SANDCustomLogger.Class:40 - StatusChecker Started System Checker
2013-04-01 13:20:59.750 [WARN] org.apache.http.impl.client.DefaultTargetAuthenticationHandler:149 - Authentication scheme ntlm not supported
2013-04-01 13:21:00.406 [INFO] SANDCustomLogger.Class:40 - Connected
2013-04-01 13:21:00.421 [INFO] SANDCustomLogger.Class:40 - completedSuccessfullyMailsize: 0
2013-04-01 13:21:04.718 [INFO] SANDCustomLogger.Class:40 - StatusChecker Started System Checker
2013-04-01 13:21:05.250 [INFO] SANDCustomLogger.Class:40 - completedFailedMailsize: 0
2013-04-01 13:21:09.812 [INFO] SANDCustomLogger.Class:40 - PROCESSED sending FailedcompletedMails
2013-04-01 13:21:09.812 [INFO] SANDCustomLogger.Class:40 - completedPartiallyFailedMailsize: 0
2013-04-01 13:21:14.750 [INFO] SANDCustomLogger.Class:40 - PROCESSED sending PartiallyFailedcompletedMails
2013-04-01 13:22:05.125 [INFO] SANDCustomLogger.Class:40 - StatusChecker Started System Checker
2013-04-01 13:22:15.125 [WARN] org.apache.http.impl.client.DefaultTargetAuthenticationHandler:149 - Authentication scheme ntlm not supported
2013-04-01 13:22:19.218 [INFO] SANDCustomLogger.Class:40 - Connected
2013-04-01 13:22:19.218 [INFO] SANDCustomLogger.Class:40 - completedSuccessfullyMailsize: 0
2013-04-01 13:22:25.531 [INFO] SANDCustomLogger.Class:40 - completedFailedMailsize: 0
2013-04-01 13:22:33.000 [INFO] SANDCustomLogger.Class:40 - PROCESSED sending FailedcompletedMails
2013-04-01 13:22:33.000 [INFO] SANDCustomLogger.Class:40 - completedPartiallyFailedMailsize: 0
2013-04-01 13:22:39.171 [INFO] SANDCustomLogger.Class:40 - PROCESSED sending PartiallyFailedcompletedMails
2013-04-01 13:23:05.265 [INFO] SANDCustomLogger.Class:40 - StatusChecker Started System Checker
2013-04-01 13:23:39.500 [WARN] org.apache.http.impl.client.DefaultTargetAuthenticationHandler:149 - Authentication scheme ntlm not supported
2013-04-01 13:23:40.125 [INFO] SANDCustomLogger.Class:40 - Connected
2013-04-01 13:23:40.140 [INFO] SANDCustomLogger.Class:40 - completedSuccessfullyMailsize: 0
2013-04-01 13:23:44.640 [INFO] SANDCustomLogger.Class:40 - completedFailedMailsize: 0
2013-04-01 13:23:49.640 [INFO] SANDCustomLogger.Class:40 - PROCESSED sending FailedcompletedMails
2013-04-01 13:23:49.640 [INFO] SANDCustomLogger.Class:40 - completedPartiallyFailedMailsize: 0
2013-04-01 13:23:57.156 [INFO] SANDCustomLogger.Class:40 - PROCESSED sending PartiallyFailedcompletedMails
2013-04-01 13:24:05.453 [INFO] SANDCustomLogger.Class:40 - StatusChecker Started System Checker
2013-04-01 13:24:57.562 [WARN] org.apache.http.impl.client.DefaultTargetAuthenticationHandler:149 - Authentication scheme ntlm not supported
2013-04-01 13:24:58.312 [INFO] SANDCustomLogger.Class:40 - Connected
2013-04-01 13:24:58.312 [INFO] SANDCustomLogger.Class:40 - completedSuccessfullyMailsize: 0
2013-04-01 13:25:05.718 [INFO] SANDCustomLogger.Class:40 - StatusChecker Started System Checker
2013-04-01 13:25:06.546 [INFO] SANDCustomLogger.Class:40 - completedFailedMailsize: 0
2013-04-01 13:25:13.078 [INFO] SANDCustomLogger.Class:40 - PROCESSED sending FailedcompletedMails
2013-04-01 13:25:13.078 [INFO] SANDCustomLogger.Class:40 - completedPartiallyFailedMailsize: 0
2013-04-01 13:25:19.781 [INFO] SANDCustomLogger.Class:40 - PROCESSED sending PartiallyFailedcompletedMails
2013-04-01 13:26:08.640 [INFO] SANDCustomLogger.Class:40 - StatusChecker Started System Checker
2013-04-01 13:26:20.109 [WARN] org.apache.http.impl.client.DefaultTargetAuthenticationHandler:149 - Authentication scheme ntlm not supported
2013-04-01 13:26:20.812 [INFO] SANDCustomLogger.Class:40 - Connected
2013-04-01 13:26:20.812 [INFO] SANDCustomLogger.Class:40 - completedSuccessfullyMailsize: 0
2013-04-01 13:26:25.046 [INFO] SANDCustomLogger.Class:40 - completedFailedMailsize: 0
2013-04-01 13:26:29.546 [INFO] SANDCustomLogger.Class:40 - PROCESSED sending FailedcompletedMails
2013-04-01 13:26:29.546 [INFO] SANDCustomLogger.Class:40 - completedPartiallyFailedMailsize: 0
2013-04-01 13:26:33.703 [INFO] SANDCustomLogger.Class:40 - PROCESSED sending PartiallyFailedcompletedMails
2013-04-01 13:27:11.531 [INFO] SANDCustomLogger.Class:40 - StatusChecker Started System Checker
2013-04-01 13:27:33.921 [WARN] org.apache.http.impl.client.DefaultTargetAuthenticationHandler:149 - Authentication scheme ntlm not supported
2013-04-01 13:27:34.515 [INFO] SANDCustomLogger.Class:40 - Connected
2013-04-01 13:27:34.515 [INFO] SANDCustomLogger.Class:40 - completedSuccessfullyMailsize: 0
2013-04-01 13:27:38.718 [INFO] SANDCustomLogger.Class:40 - completedFailedMailsize: 0
2013-04-01 13:27:44.843 [INFO] SANDCustomLogger.Class:40 - PROCESSED sending FailedcompletedMails
2013-04-01 13:27:44.843 [INFO] SANDCustomLogger.Class:40 - completedPartiallyFailedMailsize: 0
2013-04-01 13:27:52.093 [INFO] SANDCustomLogger.Class:40 - PROCESSED sending PartiallyFailedcompletedMails
2013-04-01 13:28:14.859 [INFO] SANDCustomLogger.Class:40 - StatusChecker Started System Checker
2013-04-01 13:28:28.343 [WARN] org.apache.http.impl.client.DefaultTargetAuthenticationHandler:149 - Authentication scheme ntlm not supported
2013-04-01 13:28:29.984 [INFO] SANDCustomLogger.Class:40 - Connected
2013-04-01 13:28:44.984 [INFO] SANDCustomLogger.Class:40 - Message Deleted from Mailbox: 0
2013-04-01 13:28:45.796 [INFO] SANDCustomLogger.Class:40 - Message Deleted from Mailbox: 1
2013-04-01 13:28:47.156 [INFO] SANDCustomLogger.Class:40 - Message Deleted from Mailbox: 3
2013-04-01 13:28:48.109 [INFO] SANDCustomLogger.Class:40 - Message Deleted from Mailbox: 4
2013-04-01 13:28:48.875 [INFO] SANDCustomLogger.Class:40 - Message Deleted from Mailbox: 5
2013-04-01 13:28:49.609 [INFO] SANDCustomLogger.Class:40 - Message Deleted from Mailbox: 6
2013-04-01 13:28:51.343 [INFO] SANDCustomLogger.Class:40 - Message Deleted from Mailbox: 7
2013-04-01 13:28:51.937 [INFO] SANDCustomLogger.Class:40 - Message Deleted from Mailbox: 8
2013-04-01 13:28:52.484 [INFO] SANDCustomLogger.Class:40 - Message Deleted from Mailbox: 9
2013-04-01 13:28:52.921 [WARN] org.apache.http.impl.client.DefaultTargetAuthenticationHandler:149 - Authentication scheme ntlm not supported
2013-04-01 13:28:53.203 [INFO] SANDCustomLogger.Class:40 - Message Deleted from Mailbox: 10
2013-04-01 13:28:53.593 [INFO] SANDCustomLogger.Class:40 - Message Deleted from Mailbox: 11
2013-04-01 13:28:54.703 [INFO] SANDCustomLogger.Class:40 - Message Deleted from Mailbox: 12
2013-04-01 13:28:54.906 [INFO] SANDCustomLogger.Class:40 - Connected
2013-04-01 13:28:54.921 [INFO] SANDCustomLogger.Class:40 - completedSuccessfullyMailsize: 0
2013-04-01 13:28:58.531 [INFO] SANDCustomLogger.Class:40 - Message Deleted from Mailbox: 13
2013-04-01 13:28:59.281 [INFO] SANDCustomLogger.Class:40 - Message Deleted from Mailbox: 14
2013-04-01 13:29:00.046 [INFO] SANDCustomLogger.Class:40 - Message Deleted from Mailbox: 15
2013-04-01 13:29:01.062 [INFO] SANDCustomLogger.Class:40 - Message Deleted from Mailbox: 16
2013-04-01 13:29:02.281 [INFO] SANDCustomLogger.Class:40 - Message Deleted from Mailbox: 17
2013-04-01 13:29:03.218 [INFO] SANDCustomLogger.Class:40 - Message Deleted from Mailbox: 18
2013-04-01 13:29:04.250 [INFO] SANDCustomLogger.Class:40 - Message Deleted from Mailbox: 19
2013-04-01 13:29:05.281 [INFO] SANDCustomLogger.Class:40 - completedFailedMailsize: 0
2013-04-01 13:29:05.390 [INFO] SANDCustomLogger.Class:40 - Message Deleted from Mailbox: 20
2013-04-01 13:29:05.953 [INFO] SANDCustomLogger.Class:40 - Message Deleted from Mailbox: 21
2013-04-01 13:29:06.390 [INFO] SANDCustomLogger.Class:40 - Message Deleted from Mailbox: 22
2013-04-01 13:29:07.656 [INFO] SANDCustomLogger.Class:40 - Message Deleted from Mailbox: 23
2013-04-01 13:29:08.625 [INFO] SANDCustomLogger.Class:40 - Message Deleted from Mailbox: 24
2013-04-01 13:29:09.687 [INFO] SANDCustomLogger.Class:40 - Message Deleted from Mailbox: 25
2013-04-01 13:29:11.015 [INFO] SANDCustomLogger.Class:40 - Message Deleted from Mailbox: 26
2013-04-01 13:29:12.125 [INFO] SANDCustomLogger.Class:40 - Message Deleted from Mailbox: 27
2013-04-01 13:29:12.406 [INFO] SANDCustomLogger.Class:40 - PROCESSED sending FailedcompletedMails
2013-04-01 13:29:12.406 [INFO] SANDCustomLogger.Class:40 - completedPartiallyFailedMailsize: 0
2013-04-01 13:29:12.750 [INFO] SANDCustomLogger.Class:40 - Message Deleted from Mailbox: 28
2013-04-01 13:29:13.062 [INFO] SANDCustomLogger.Class:40 - Message Deleted from Mailbox: 29
2013-04-01 13:29:13.687 [INFO] SANDCustomLogger.Class:40 - Message Deleted from Mailbox: 30
2013-04-01 13:29:14.687 [INFO] SANDCustomLogger.Class:40 - Message Deleted from Mailbox: 31
2013-04-01 13:29:15.687 [INFO] SANDCustomLogger.Class:40 - Message Deleted from Mailbox: 32
2013-04-01 13:29:16.906 [INFO] SANDCustomLogger.Class:40 - Message Deleted from Mailbox: 33
2013-04-01 13:29:17.406 [INFO] SANDCustomLogger.Class:40 - StatusChecker Started System Checker
2013-04-01 13:29:17.968 [INFO] SANDCustomLogger.Class:40 - Message Deleted from Mailbox: 34
2013-04-01 13:29:20.015 [INFO] SANDCustomLogger.Class:40 - PROCESSED sending PartiallyFailedcompletedMails
2013-04-01 13:29:20.937 [INFO] SANDCustomLogger.Class:40 - Message Deleted from Mailbox: 35
2013-04-01 13:29:21.390 [INFO] SANDCustomLogger.Class:40 - Message Deleted from Mailbox: 36
2013-04-01 13:29:22.046 [INFO] SANDCustomLogger.Class:40 - Message Deleted from Mailbox: 37
2013-04-01 13:29:23.031 [INFO] SANDCustomLogger.Class:40 - Message Deleted from Mailbox: 38
2013-04-01 13:29:24.703 [INFO] SANDCustomLogger.Class:40 - Message Deleted from Mailbox: 39
2013-04-01 13:29:25.796 [INFO] SANDCustomLogger.Class:40 - Message Deleted from Mailbox: 40
2013-04-01 13:29:26.578 [INFO] SANDCustomLogger.Class:40 - Message Deleted from Mailbox: 41
2013-04-01 13:29:27.390 [INFO] SANDCustomLogger.Class:40 - Message Deleted from Mailbox: 42
2013-04-01 13:29:28.078 [INFO] SANDCustomLogger.Class:40 - Message Deleted from Mailbox: 43
2013-04-01 13:29:28.765 [INFO] SANDCustomLogger.Class:40 - Message Deleted from Mailbox: 44
2013-04-01 13:29:30.046 [INFO] SANDCustomLogger.Class:40 - Message Deleted from Mailbox: 45
2013-04-01 13:29:34.156 [INFO] SANDCustomLogger.Class:40 - Message Deleted from Mailbox: 46
2013-04-01 13:29:35.796 [INFO] SANDCustomLogger.Class:40 - Message Deleted from Mailbox: 47
2013-04-01 13:29:36.921 [INFO] SANDCustomLogger.Class:40 - Message Deleted from Mailbox: 48
2013-04-01 13:29:37.953 [INFO] SANDCustomLogger.Class:40 - Message Deleted from Mailbox: 49
2013-04-01 13:29:38.781 [INFO] SANDCustomLogger.Class:40 - Message Deleted from Mailbox: 50
2013-04-01 13:29:39.343 [INFO] SANDCustomLogger.Class:40 - Message Deleted from Mailbox: 51
2013-04-01 13:29:39.718 [INFO] SANDCustomLogger.Class:40 - Message Deleted from Mailbox: 52
2013-04-01 13:29:40.109 [INFO] SANDCustomLogger.Class:40 - Message Deleted from Mailbox: 53
2013-04-01 13:29:40.421 [INFO] SANDCustomLogger.Class:40 - Message Deleted from Mailbox: 54
2013-04-01 13:29:40.828 [INFO] SANDCustomLogger.Class:40 - Message Deleted from Mailbox: 55
2013-04-01 13:29:41.156 [INFO] SANDCustomLogger.Class:40 - Message Deleted from Mailbox: 56
2013-04-01 13:29:41.515 [INFO] SANDCustomLogger.Class:40 - Message Deleted from Mailbox: 57
2013-04-01 13:29:41.796 [INFO] SANDCustomLogger.Class:40 - Message Deleted from Mailbox: 58
2013-04-01 13:29:42.062 [INFO] SANDCustomLogger.Class:40 - Message Deleted from Mailbox: 59
2013-04-01 13:29:42.328 [INFO] SANDCustomLogger.Class:40 - Message Deleted from Mailbox: 60
2013-04-01 13:29:42.593 [INFO] SANDCustomLogger.Class:40 - Message Deleted from Mailbox: 61
2013-04-01 13:29:42.906 [INFO] SANDCustomLogger.Class:40 - Message Deleted from Mailbox: 62
2013-04-01 13:29:43.218 [INFO] SANDCustomLogger.Class:40 - Message Deleted from Mailbox: 63
2013-04-01 13:29:43.484 [INFO] SANDCustomLogger.Class:40 - Message Deleted from Mailbox: 64
2013-04-01 13:29:46.781 [INFO] SANDCustomLogger.Class:40 - Message Deleted from Mailbox: 65
2013-04-01 13:29:48.343 [INFO] SANDCustomLogger.Class:40 - Message Deleted from Mailbox: 66
2013-04-01 13:29:48.812 [INFO] SANDCustomLogger.Class:40 - Message Deleted from Mailbox: 67
2013-04-01 13:29:49.140 [INFO] SANDCustomLogger.Class:40 - Message Deleted from Mailbox: 68
2013-04-01 13:29:49.718 [INFO] SANDCustomLogger.Class:40 - Message Deleted from Mailbox: 69
2013-04-01 13:29:50.000 [INFO] SANDCustomLogger.Class:40 - Message Deleted from Mailbox: 70
2013-04-01 13:29:50.250 [INFO] SANDCustomLogger.Class:40 - Message Deleted from Mailbox: 71
2013-04-01 13:29:50.593 [INFO] SANDCustomLogger.Class:40 - Message Deleted from Mailbox: 72
2013-04-01 13:29:50.937 [INFO] SANDCustomLogger.Class:40 - Message Deleted from Mailbox: 73
2013-04-01 13:29:51.234 [INFO] SANDCustomLogger.Class:40 - Message Deleted from Mailbox: 74
2013-04-01 13:29:51.562 [INFO] SANDCustomLogger.Class:40 - Message Deleted from Mailbox: 75
2013-04-01 13:29:51.906 [INFO] SANDCustomLogger.Class:40 - Message Deleted from Mailbox: 76
2013-04-01 13:29:52.250 [INFO] SANDCustomLogger.Class:40 - Message Deleted from Mailbox: 77
2013-04-01 13:29:52.578 [INFO] SANDCustomLogger.Class:40 - Message Deleted from Mailbox: 78
2013-04-01 13:29:52.984 [INFO] SANDCustomLogger.Class:40 - Message Deleted from Mailbox: 79
2013-04-01 13:29:53.343 [INFO] SANDCustomLogger.Class:40 - Message Deleted from Mailbox: 80
2013-04-01 13:29:53.750 [INFO] SANDCustomLogger.Class:40 - Message Deleted from Mailbox: 81
2013-04-01 13:29:54.109 [INFO] SANDCustomLogger.Class:40 - Message Deleted from Mailbox: 82
2013-04-01 13:29:54.515 [INFO] SANDCustomLogger.Class:40 - Message Deleted from Mailbox: 83
2013-04-01 13:29:54.812 [INFO] SANDCustomLogger.Class:40 - Message Deleted from Mailbox: 84
2013-04-01 13:29:55.125 [INFO] SANDCustomLogger.Class:40 - Message Deleted from Mailbox: 85
2013-04-01 13:29:55.390 [INFO] SANDCustomLogger.Class:40 - Message Deleted from Mailbox: 86
2013-04-01 13:29:55.671 [INFO] SANDCustomLogger.Class:40 - Message Deleted from Mailbox: 87
2013-04-01 13:29:56.000 [INFO] SANDCustomLogger.Class:40 - Message Deleted from Mailbox: 88
2013-04-01 13:29:56.359 [INFO] SANDCustomLogger.Class:40 - Message Deleted from Mailbox: 89
2013-04-01 13:29:56.640 [INFO] SANDCustomLogger.Class:40 - Message Deleted from Mailbox: 91
2013-04-01 13:29:56.953 [INFO] SANDCustomLogger.Class:40 - Message Deleted from Mailbox: 92
2013-04-01 13:29:57.265 [INFO] SANDCustomLogger.Class:40 - Message Deleted from Mailbox: 93
2013-04-01 13:29:57.546 [INFO] SANDCustomLogger.Class:40 - Message Deleted from Mailbox: 94
2013-04-01 13:29:57.812 [INFO] SANDCustomLogger.Class:40 - Message Deleted from Mailbox: 95
2013-04-01 13:29:58.078 [INFO] SANDCustomLogger.Class:40 - Message Deleted from Mailbox: 96
2013-04-01 13:29:58.375 [INFO] SANDCustomLogger.Class:40 - Message Deleted from Mailbox: 97
2013-04-01 13:29:58.718 [INFO] SANDCustomLogger.Class:40 - Message Deleted from Mailbox: 98
2013-04-01 13:29:59.156 [INFO] SANDCustomLogger.Class:40 - Message Deleted from Mailbox: 99
2013-04-01 13:29:59.640 [INFO] SANDCustomLogger.Class:40 - Message Deleted from Mailbox: 100
2013-04-01 13:30:00.515 [INFO] SANDCustomLogger.Class:40 - Message Deleted from Mailbox: 101
2013-04-01 13:30:01.312 [INFO] SANDCustomLogger.Class:40 - Message Deleted from Mailbox: 102
2013-04-01 13:30:01.546 [INFO] SANDCustomLogger.Class:40 - Message Deleted from Mailbox: 103
2013-04-01 13:30:01.812 [INFO] SANDCustomLogger.Class:40 - Message Deleted from Mailbox: 104
2013-04-01 13:30:03.734 [INFO] SANDCustomLogger.Class:40 - Message Deleted from Mailbox: 105
2013-04-01 13:30:05.906 [INFO] SANDCustomLogger.Class:40 - Message Deleted from Mailbox: 106
2013-04-01 13:30:06.156 [INFO] SANDCustomLogger.Class:40 - Message Deleted from Mailbox: 107
2013-04-01 13:30:06.390 [INFO] SANDCustomLogger.Class:40 - Message Deleted from Mailbox: 108
2013-04-01 13:30:06.625 [INFO] SANDCustomLogger.Class:40 - Message Deleted from Mailbox: 109
2013-04-01 13:30:06.828 [INFO] SANDCustomLogger.Class:40 - Message Deleted from Mailbox: 110
2013-04-01 13:30:07.125 [INFO] SANDCustomLogger.Class:40 - Message Deleted from Mailbox: 111
2013-04-01 13:30:07.343 [INFO] SANDCustomLogger.Class:40 - Message Deleted from Mailbox: 112
2013-04-01 13:30:07.593 [INFO] SANDCustomLogger.Class:40 - Message Deleted from Mailbox: 113
2013-04-01 13:30:07.812 [INFO] SANDCustomLogger.Class:40 - Message Deleted from Mailbox: 114
2013-04-01 13:30:08.062 [INFO] SANDCustomLogger.Class:40 - Message Deleted from Mailbox: 115
2013-04-01 13:30:08.406 [INFO] SANDCustomLogger.Class:40 - Message Deleted from Mailbox: 116
2013-04-01 13:30:09.156 [INFO] SANDCustomLogger.Class:40 - Message Deleted from Mailbox: 117
2013-04-01 13:30:09.750 [INFO] SANDCustomLogger.Class:40 - Message Deleted from Mailbox: 118
2013-04-01 13:30:10.062 [INFO] SANDCustomLogger.Class:40 - Message Deleted from Mailbox: 119
2013-04-01 13:30:10.390 [INFO] SANDCustomLogger.Class:40 - Message Deleted from Mailbox: 120
2013-04-01 13:30:10.812 [INFO] SANDCustomLogger.Class:40 - Message Deleted from Mailbox: 121
2013-04-01 13:30:11.109 [INFO] SANDCustomLogger.Class:40 - Message Deleted from Mailbox: 122
2013-04-01 13:30:11.421 [INFO] SANDCustomLogger.Class:40 - Message Deleted from Mailbox: 123
2013-04-01 13:30:11.734 [INFO] SANDCustomLogger.Class:40 - Message Deleted from Mailbox: 124
2013-04-01 13:30:12.140 [INFO] SANDCustomLogger.Class:40 - Message Deleted from Mailbox: 125
2013-04-01 13:30:12.546 [INFO] SANDCustomLogger.Class:40 - Message Deleted from Mailbox: 126
2013-04-01 13:30:13.406 [INFO] SANDCustomLogger.Class:40 - Message Deleted from Mailbox: 127
2013-04-01 13:30:14.656 [INFO] SANDCustomLogger.Class:40 - Message Deleted from Mailbox: 128
2013-04-01 13:30:15.375 [INFO] SANDCustomLogger.Class:40 - Message Deleted from Mailbox: 129
2013-04-01 13:30:15.796 [INFO] SANDCustomLogger.Class:40 - Message Deleted from Mailbox: 130
2013-04-01 13:30:16.312 [INFO] SANDCustomLogger.Class:40 - Message Deleted from Mailbox: 131
2013-04-01 13:30:16.734 [INFO] SANDCustomLogger.Class:40 - Message Deleted from Mailbox: 132
2013-04-01 13:30:17.218 [INFO] SANDCustomLogger.Class:40 - Message Deleted from Mailbox: 133
2013-04-01 13:30:19.390 [INFO] SANDCustomLogger.Class:40 - Message Deleted from Mailbox: 134
2013-04-01 13:30:19.593 [INFO] SANDCustomLogger.Class:40 - Message Deleted from Mailbox: 135
2013-04-01 13:30:19.812 [INFO] SANDCustomLogger.Class:40 - StatusChecker Started System Checker
2013-04-01 13:30:19.843 [INFO] SANDCustomLogger.Class:40 - Message Deleted from Mailbox: 136
2013-04-01 13:30:20.078 [INFO] SANDCustomLogger.Class:40 - Message Deleted from Mailbox: 137
2013-04-01 13:30:20.265 [WARN] org.apache.http.impl.client.DefaultTargetAuthenticationHandler:149 - Authentication scheme ntlm not supported
2013-04-01 13:30:20.843 [INFO] SANDCustomLogger.Class:40 - Connected
2013-04-01 13:30:20.859 [INFO] SANDCustomLogger.Class:40 - completedSuccessfullyMailsize: 0
2013-04-01 13:30:22.203 [INFO] SANDCustomLogger.Class:40 - Message Deleted from Mailbox: 138
2013-04-01 13:30:22.453 [INFO] SANDCustomLogger.Class:40 - Message Deleted from Mailbox: 139
2013-04-01 13:30:22.750 [INFO] SANDCustomLogger.Class:40 - Message Deleted from Mailbox: 140
2013-04-01 13:30:23.140 [INFO] SANDCustomLogger.Class:40 - Message Deleted from Mailbox: 141
2013-04-01 13:30:23.468 [INFO] SANDCustomLogger.Class:40 - Message Deleted from Mailbox: 142
2013-04-01 13:30:24.640 [INFO] SANDCustomLogger.Class:40 - Message Deleted from Mailbox: 143
2013-04-01 13:30:25.718 [INFO] SANDCustomLogger.Class:40 - Message Deleted from Mailbox: 144
2013-04-01 13:30:25.812 [INFO] SANDCustomLogger.Class:40 - completedFailedMailsize: 0
2013-04-01 13:30:26.109 [INFO] SANDCustomLogger.Class:40 - Message Deleted from Mailbox: 145
2013-04-01 13:30:26.359 [INFO] SANDCustomLogger.Class:40 - Message Deleted from Mailbox: 146
2013-04-01 13:30:27.046 [INFO] SANDCustomLogger.Class:40 - Message Deleted from Mailbox: 147
2013-04-01 13:30:27.843 [INFO] SANDCustomLogger.Class:40 - Message Deleted from Mailbox: 148
2013-04-01 13:30:28.734 [INFO] SANDCustomLogger.Class:40 - PROCESSED sending FailedcompletedMails
2013-04-01 13:30:28.734 [INFO] SANDCustomLogger.Class:40 - completedPartiallyFailedMailsize: 0
2013-04-01 13:30:28.750 [INFO] SANDCustomLogger.Class:40 - Message Deleted from Mailbox: 149
2013-04-01 13:30:29.359 [INFO] SANDCustomLogger.Class:40 - Message Deleted from Mailbox: 150
2013-04-01 13:30:29.843 [INFO] SANDCustomLogger.Class:40 - Message Deleted from Mailbox: 151
2013-04-01 13:30:30.812 [INFO] SANDCustomLogger.Class:40 - Message Deleted from Mailbox: 152
2013-04-01 13:30:31.937 [INFO] SANDCustomLogger.Class:40 - Message Deleted from Mailbox: 153
2013-04-01 13:30:32.031 [INFO] SANDCustomLogger.Class:40 - PROCESSED sending PartiallyFailedcompletedMails
2013-04-01 13:30:32.359 [INFO] SANDCustomLogger.Class:40 - Message Deleted from Mailbox: 154
2013-04-01 13:30:32.671 [INFO] SANDCustomLogger.Class:40 - Message Deleted from Mailbox: 155
2013-04-01 13:30:33.296 [INFO] SANDCustomLogger.Class:40 - Message Deleted from Mailbox: 156
2013-04-01 13:30:35.109 [INFO] SANDCustomLogger.Class:40 - Message Deleted from Mailbox: 157
2013-04-01 13:30:35.562 [INFO] SANDCustomLogger.Class:40 - Message Deleted from Mailbox: 158
2013-04-01 13:30:36.187 [INFO] SANDCustomLogger.Class:40 - Message Deleted from Mailbox: 159
2013-04-01 13:30:36.437 [INFO] SANDCustomLogger.Class:40 - Message Deleted from Mailbox: 160
2013-04-01 13:30:36.765 [INFO] SANDCustomLogger.Class:40 - Message Deleted from Mailbox: 161
2013-04-01 13:30:37.515 [INFO] SANDCustomLogger.Class:40 - Message Deleted from Mailbox: 162
2013-04-01 13:30:37.875 [INFO] SANDCustomLogger.Class:40 - Message Deleted from Mailbox: 164
2013-04-01 13:30:38.140 [INFO] SANDCustomLogger.Class:40 - Message Deleted from Mailbox: 165
2013-04-01 13:30:38.359 [INFO] SANDCustomLogger.Class:40 - Message Deleted from Mailbox: 333
2013-04-01 13:30:38.703 [INFO] SANDCustomLogger.Class:40 - Message Deleted from Mailbox: 334
2013-04-01 13:30:38.937 [INFO] SANDCustomLogger.Class:40 - Message Deleted from Mailbox: 335
2013-04-01 13:30:39.156 [INFO] SANDCustomLogger.Class:40 - Message Deleted from Mailbox: 336
2013-04-01 13:30:39.406 [INFO] SANDCustomLogger.Class:40 - Message Deleted from Mailbox: 337
2013-04-01 13:30:39.640 [INFO] SANDCustomLogger.Class:40 - Message Deleted from Mailbox: 338
2013-04-01 13:30:39.875 [INFO] SANDCustomLogger.Class:40 - Message Deleted from Mailbox: 166
2013-04-01 13:30:40.140 [INFO] SANDCustomLogger.Class:40 - Message Deleted from Mailbox: 167
2013-04-01 13:30:40.359 [INFO] SANDCustomLogger.Class:40 - Message Deleted from Mailbox: 168
2013-04-01 13:30:40.671 [INFO] SANDCustomLogger.Class:40 - Message Deleted from Mailbox: 169
2013-04-01 13:30:40.921 [INFO] SANDCustomLogger.Class:40 - Message Deleted from Mailbox: 170
2013-04-01 13:30:41.171 [INFO] SANDCustomLogger.Class:40 - Message Deleted from Mailbox: 171
2013-04-01 13:30:41.406 [INFO] SANDCustomLogger.Class:40 - Message Deleted from Mailbox: 172
2013-04-01 13:30:41.625 [INFO] SANDCustomLogger.Class:40 - Message Deleted from Mailbox: 173
2013-04-01 13:30:41.859 [INFO] SANDCustomLogger.Class:40 - Message Deleted from Mailbox: 174
2013-04-01 13:30:42.062 [INFO] SANDCustomLogger.Class:40 - Message Deleted from Mailbox: 175
2013-04-01 13:30:42.375 [INFO] SANDCustomLogger.Class:40 - Message Deleted from Mailbox: 176
2013-04-01 13:30:42.609 [INFO] SANDCustomLogger.Class:40 - Message Deleted from Mailbox: 177
2013-04-01 13:30:42.812 [INFO] SANDCustomLogger.Class:40 - Message Deleted from Mailbox: 178
2013-04-01 13:30:43.031 [INFO] SANDCustomLogger.Class:40 - Message Deleted from Mailbox: 179
2013-04-01 13:30:43.265 [INFO] SANDCustomLogger.Class:40 - Message Deleted from Mailbox: 180
2013-04-01 13:30:43.468 [INFO] SANDCustomLogger.Class:40 - Message Deleted from Mailbox: 181
2013-04-01 13:30:43.671 [INFO] SANDCustomLogger.Class:40 - Message Deleted from Mailbox: 182
2013-04-01 13:30:43.984 [INFO] SANDCustomLogger.Class:40 - Message Deleted from Mailbox: 183
2013-04-01 13:30:44.218 [INFO] SANDCustomLogger.Class:40 - Message Deleted from Mailbox: 184
2013-04-01 13:30:44.484 [INFO] SANDCustomLogger.Class:40 - Message Deleted from Mailbox: 185
2013-04-01 13:30:44.718 [INFO] SANDCustomLogger.Class:40 - Message Deleted from Mailbox: 186
2013-04-01 13:30:44.921 [INFO] SANDCustomLogger.Class:40 - Message Deleted from Mailbox: 187
2013-04-01 13:30:45.156 [INFO] SANDCustomLogger.Class:40 - Message Deleted from Mailbox: 188
2013-04-01 13:30:45.437 [INFO] SANDCustomLogger.Class:40 - Message Deleted from Mailbox: 189
2013-04-01 13:30:45.656 [INFO] SANDCustomLogger.Class:40 - Message Deleted from Mailbox: 190
2013-04-01 13:30:45.875 [INFO] SANDCustomLogger.Class:40 - Message Deleted from Mailbox: 191
2013-04-01 13:30:46.109 [INFO] SANDCustomLogger.Class:40 - Message Deleted from Mailbox: 192
2013-04-01 13:30:46.343 [INFO] SANDCustomLogger.Class:40 - Message Deleted from Mailbox: 193
2013-04-01 13:30:46.562 [INFO] SANDCustomLogger.Class:40 - Message Deleted from Mailbox: 194
2013-04-01 13:30:46.781 [INFO] SANDCustomLogger.Class:40 - Message Deleted from Mailbox: 195
2013-04-01 13:30:47.062 [INFO] SANDCustomLogger.Class:40 - Message Deleted from Mailbox: 196
2013-04-01 13:30:47.265 [INFO] SANDCustomLogger.Class:40 - Message Deleted from Mailbox: 197
2013-04-01 13:30:47.500 [INFO] SANDCustomLogger.Class:40 - Message Deleted from Mailbox: 198
2013-04-01 13:30:50.687 [INFO] SANDCustomLogger.Class:40 - Message Deleted from Mailbox: 199
2013-04-01 13:30:50.921 [INFO] SANDCustomLogger.Class:40 - Message Deleted from Mailbox: 200
2013-04-01 13:30:51.187 [INFO] SANDCustomLogger.Class:40 - Message Deleted from Mailbox: 201
2013-04-01 13:30:51.453 [INFO] SANDCustomLogger.Class:40 - Message Deleted from Mailbox: 202
2013-04-01 13:30:51.765 [INFO] SANDCustomLogger.Class:40 - Message Deleted from Mailbox: 203
2013-04-01 13:30:51.984 [INFO] SANDCustomLogger.Class:40 - Message Deleted from Mailbox: 204
2013-04-01 13:30:54.328 [INFO] SANDCustomLogger.Class:40 - Message Deleted from Mailbox: 205
2013-04-01 13:30:54.656 [INFO] SANDCustomLogger.Class:40 - Message Deleted from Mailbox: 206
2013-04-01 13:30:54.921 [INFO] SANDCustomLogger.Class:40 - Message Deleted from Mailbox: 207
2013-04-01 13:30:55.312 [INFO] SANDCustomLogger.Class:40 - Message Deleted from Mailbox: 208
2013-04-01 13:30:55.593 [INFO] SANDCustomLogger.Class:40 - Message Deleted from Mailbox: 209
2013-04-01 13:30:55.906 [INFO] SANDCustomLogger.Class:40 - Message Deleted from Mailbox: 210
2013-04-01 13:30:56.156 [INFO] SANDCustomLogger.Class:40 - Message Deleted from Mailbox: 211
2013-04-01 13:30:56.390 [INFO] SANDCustomLogger.Class:40 - Message Deleted from Mailbox: 212
2013-04-01 13:30:56.609 [INFO] SANDCustomLogger.Class:40 - Message Deleted from Mailbox: 213
2013-04-01 13:30:56.859 [INFO] SANDCustomLogger.Class:40 - Message Deleted from Mailbox: 214
2013-04-01 13:30:57.109 [INFO] SANDCustomLogger.Class:40 - Message Deleted from Mailbox: 215
2013-04-01 13:30:57.421 [INFO] SANDCustomLogger.Class:40 - Message Deleted from Mailbox: 216
2013-04-01 13:30:57.734 [INFO] SANDCustomLogger.Class:40 - Message Deleted from Mailbox: 217
2013-04-01 13:30:58.000 [INFO] SANDCustomLogger.Class:40 - Message Deleted from Mailbox: 218
2013-04-01 13:30:58.406 [INFO] SANDCustomLogger.Class:40 - Message Deleted from Mailbox: 219
2013-04-01 13:30:58.750 [INFO] SANDCustomLogger.Class:40 - Message Deleted from Mailbox: 220
2013-04-01 13:30:59.062 [INFO] SANDCustomLogger.Class:40 - Message Deleted from Mailbox: 221
2013-04-01 13:30:59.328 [INFO] SANDCustomLogger.Class:40 - Message Deleted from Mailbox: 222
2013-04-01 13:30:59.593 [INFO] SANDCustomLogger.Class:40 - Message Deleted from Mailbox: 223
2013-04-01 13:31:00.031 [INFO] SANDCustomLogger.Class:40 - Message Deleted from Mailbox: 224
2013-04-01 13:31:00.328 [INFO] SANDCustomLogger.Class:40 - Message Deleted from Mailbox: 225
2013-04-01 13:31:00.687 [INFO] SANDCustomLogger.Class:40 - Message Deleted from Mailbox: 226
2013-04-01 13:31:00.937 [INFO] SANDCustomLogger.Class:40 - Message Deleted from Mailbox: 227
2013-04-01 13:31:01.296 [INFO] SANDCustomLogger.Class:40 - Message Deleted from Mailbox: 228
2013-04-01 13:31:01.578 [INFO] SANDCustomLogger.Class:40 - Message Deleted from Mailbox: 229
2013-04-01 13:31:01.812 [INFO] SANDCustomLogger.Class:40 - Message Deleted from Mailbox: 230
2013-04-01 13:31:02.078 [INFO] SANDCustomLogger.Class:40 - Message Deleted from Mailbox: 231
2013-04-01 13:31:02.296 [INFO] SANDCustomLogger.Class:40 - Message Deleted from Mailbox: 232
2013-04-01 13:31:02.593 [INFO] SANDCustomLogger.Class:40 - Message Deleted from Mailbox: 233
2013-04-01 13:31:02.875 [INFO] SANDCustomLogger.Class:40 - Message Deleted from Mailbox: 234
2013-04-01 13:31:03.109 [INFO] SANDCustomLogger.Class:40 - Message Deleted from Mailbox: 235
2013-04-01 13:31:03.343 [INFO] SANDCustomLogger.Class:40 - Message Deleted from Mailbox: 236
2013-04-01 13:31:03.593 [INFO] SANDCustomLogger.Class:40 - Message Deleted from Mailbox: 237
2013-04-01 13:31:03.890 [INFO] SANDCustomLogger.Class:40 - Message Deleted from Mailbox: 238
2013-04-01 13:31:04.609 [INFO] SANDCustomLogger.Class:40 - Message Deleted from Mailbox: 239
2013-04-01 13:31:05.531 [INFO] SANDCustomLogger.Class:40 - Message Deleted from Mailbox: 240
2013-04-01 13:31:09.859 [INFO] SANDCustomLogger.Class:40 - Message Deleted from Mailbox: 241
2013-04-01 13:31:10.640 [INFO] SANDCustomLogger.Class:40 - Message Deleted from Mailbox: 242
2013-04-01 13:31:11.218 [INFO] SANDCustomLogger.Class:40 - Message Deleted from Mailbox: 243
2013-04-01 13:31:11.453 [INFO] SANDCustomLogger.Class:40 - Message Deleted from Mailbox: 244
2013-04-01 13:31:13.234 [INFO] SANDCustomLogger.Class:40 - Message Deleted from Mailbox: 245
2013-04-01 13:31:13.500 [INFO] SANDCustomLogger.Class:40 - Message Deleted from Mailbox: 246
2013-04-01 13:31:13.703 [INFO] SANDCustomLogger.Class:40 - Message Deleted from Mailbox: 247
2013-04-01 13:31:13.906 [INFO] SANDCustomLogger.Class:40 - Message Deleted from Mailbox: 248
2013-04-01 13:31:14.140 [INFO] SANDCustomLogger.Class:40 - Message Deleted from Mailbox: 249
2013-04-01 13:31:14.359 [INFO] SANDCustomLogger.Class:40 - Message Deleted from Mailbox: 250
2013-04-01 13:31:14.593 [INFO] SANDCustomLogger.Class:40 - Message Deleted from Mailbox: 251
2013-04-01 13:31:14.812 [INFO] SANDCustomLogger.Class:40 - Message Deleted from Mailbox: 252
2013-04-01 13:31:15.031 [INFO] SANDCustomLogger.Class:40 - Message Deleted from Mailbox: 253
2013-04-01 13:31:15.250 [INFO] SANDCustomLogger.Class:40 - Message Deleted from Mailbox: 254
2013-04-01 13:31:15.500 [INFO] SANDCustomLogger.Class:40 - Message Deleted from Mailbox: 255
2013-04-01 13:31:15.750 [INFO] SANDCustomLogger.Class:40 - Message Deleted from Mailbox: 256
2013-04-01 13:31:16.015 [INFO] SANDCustomLogger.Class:40 - Message Deleted from Mailbox: 257
2013-04-01 13:31:16.937 [INFO] SANDCustomLogger.Class:40 - Message Deleted from Mailbox: 258
2013-04-01 13:31:17.296 [INFO] SANDCustomLogger.Class:40 - Message Deleted from Mailbox: 259
2013-04-01 13:31:17.609 [INFO] SANDCustomLogger.Class:40 - Message Deleted from Mailbox: 260
2013-04-01 13:31:17.828 [INFO] SANDCustomLogger.Class:40 - Message Deleted from Mailbox: 261
2013-04-01 13:31:18.046 [INFO] SANDCustomLogger.Class:40 - Message Deleted from Mailbox: 262
2013-04-01 13:31:18.296 [INFO] SANDCustomLogger.Class:40 - Message Deleted from Mailbox: 263
2013-04-01 13:31:18.578 [INFO] SANDCustomLogger.Class:40 - Message Deleted from Mailbox: 264
2013-04-01 13:31:18.984 [INFO] SANDCustomLogger.Class:40 - Message Deleted from Mailbox: 265
2013-04-01 13:31:19.484 [INFO] SANDCustomLogger.Class:40 - Message Deleted from Mailbox: 266
2013-04-01 13:31:22.281 [INFO] SANDCustomLogger.Class:40 - StatusChecker Started System Checker
2013-04-01 13:31:22.781 [INFO] SANDCustomLogger.Class:40 - Message Deleted from Mailbox: 267
2013-04-01 13:31:23.109 [INFO] SANDCustomLogger.Class:40 - Message Deleted from Mailbox: 268
2013-04-01 13:31:23.359 [INFO] SANDCustomLogger.Class:40 - Message Deleted from Mailbox: 269
2013-04-01 13:31:23.609 [INFO] SANDCustomLogger.Class:40 - Message Deleted from Mailbox: 270
2013-04-01 13:31:23.921 [INFO] SANDCustomLogger.Class:40 - Message Deleted from Mailbox: 271
2013-04-01 13:31:24.890 [INFO] SANDCustomLogger.Class:40 - Message Deleted from Mailbox: 272
2013-04-01 13:31:25.484 [INFO] SANDCustomLogger.Class:40 - Message Deleted from Mailbox: 273
2013-04-01 13:31:25.734 [INFO] SANDCustomLogger.Class:40 - Message Deleted from Mailbox: 274
2013-04-01 13:31:25.984 [INFO] SANDCustomLogger.Class:40 - Message Deleted from Mailbox: 275
2013-04-01 13:31:26.296 [INFO] SANDCustomLogger.Class:40 - Message Deleted from Mailbox: 276
2013-04-01 13:31:26.593 [INFO] SANDCustomLogger.Class:40 - Message Deleted from Mailbox: 277
2013-04-01 13:31:27.046 [INFO] SANDCustomLogger.Class:40 - Message Deleted from Mailbox: 278
2013-04-01 13:31:27.640 [INFO] SANDCustomLogger.Class:40 - Message Deleted from Mailbox: 279
2013-04-01 13:31:28.531 [INFO] SANDCustomLogger.Class:40 - Message Deleted from Mailbox: 280
2013-04-01 13:31:28.953 [INFO] SANDCustomLogger.Class:40 - Message Deleted from Mailbox: 281
2013-04-01 13:31:29.281 [INFO] SANDCustomLogger.Class:40 - Message Deleted from Mailbox: 282
2013-04-01 13:31:29.500 [INFO] SANDCustomLogger.Class:40 - Message Deleted from Mailbox: 283
2013-04-01 13:31:29.734 [INFO] SANDCustomLogger.Class:40 - Message Deleted from Mailbox: 284
2013-04-01 13:31:29.953 [INFO] SANDCustomLogger.Class:40 - Message Deleted from Mailbox: 285
2013-04-01 13:31:36.953 [WARN] org.apache.http.impl.client.DefaultTargetAuthenticationHandler:149 - Authentication scheme ntlm not supported
2013-04-01 13:31:37.359 [INFO] SANDCustomLogger.Class:40 - Message Deleted from Mailbox: 286
2013-04-01 13:31:37.796 [INFO] SANDCustomLogger.Class:40 - Message Deleted from Mailbox: 287
2013-04-01 13:31:38.109 [INFO] SANDCustomLogger.Class:40 - Connected
2013-04-01 13:31:38.109 [INFO] SANDCustomLogger.Class:40 - completedSuccessfullyMailsize: 0
2013-04-01 13:31:41.046 [INFO] SANDCustomLogger.Class:40 - Message Deleted from Mailbox: 288
2013-04-01 13:31:43.578 [INFO] SANDCustomLogger.Class:40 - Message Deleted from Mailbox: 289
2013-04-01 13:31:45.171 [INFO] SANDCustomLogger.Class:40 - Message Deleted from Mailbox: 290
2013-04-01 13:31:45.734 [INFO] SANDCustomLogger.Class:40 - Message Deleted from Mailbox: 291
2013-04-01 13:31:47.140 [INFO] SANDCustomLogger.Class:40 - completedFailedMailsize: 0
2013-04-01 13:31:48.515 [INFO] SANDCustomLogger.Class:40 - Message Deleted from Mailbox: 292
2013-04-01 13:31:48.843 [INFO] SANDCustomLogger.Class:40 - Message Deleted from Mailbox: 293
2013-04-01 13:31:49.078 [INFO] SANDCustomLogger.Class:40 - Message Deleted from Mailbox: 294
2013-04-01 13:31:49.343 [INFO] SANDCustomLogger.Class:40 - Message Deleted from Mailbox: 295
2013-04-01 13:31:50.359 [INFO] SANDCustomLogger.Class:40 - Message Deleted from Mailbox: 296
2013-04-01 13:31:51.609 [INFO] SANDCustomLogger.Class:40 - PROCESSED sending FailedcompletedMails
2013-04-01 13:31:51.625 [INFO] SANDCustomLogger.Class:40 - completedPartiallyFailedMailsize: 0
2013-04-01 13:31:53.515 [INFO] SANDCustomLogger.Class:40 - Message Deleted from Mailbox: 297
2013-04-01 13:31:56.203 [INFO] SANDCustomLogger.Class:40 - Message Deleted from Mailbox: 298
2013-04-01 13:31:56.843 [INFO] SANDCustomLogger.Class:40 - PROCESSED sending PartiallyFailedcompletedMails
2013-04-01 13:31:56.843 [INFO] SANDCustomLogger.Class:40 - Message Deleted from Mailbox: 299
2013-04-01 13:31:57.109 [INFO] SANDCustomLogger.Class:40 - Message Deleted from Mailbox: 300
2013-04-01 13:31:57.390 [INFO] SANDCustomLogger.Class:40 - Message Deleted from Mailbox: 301
2013-04-01 13:31:57.656 [INFO] SANDCustomLogger.Class:40 - Message Deleted from Mailbox: 302
2013-04-01 13:31:57.906 [INFO] SANDCustomLogger.Class:40 - Message Deleted from Mailbox: 303
2013-04-01 13:31:58.140 [INFO] SANDCustomLogger.Class:40 - Message Deleted from Mailbox: 304
2013-04-01 13:31:58.437 [INFO] SANDCustomLogger.Class:40 - Message Deleted from Mailbox: 305
2013-04-01 13:31:58.718 [INFO] SANDCustomLogger.Class:40 - Message Deleted from Mailbox: 306
2013-04-01 13:32:01.171 [INFO] SANDCustomLogger.Class:40 - Message Deleted from Mailbox: 307
2013-04-01 13:32:01.796 [INFO] SANDCustomLogger.Class:40 - Message Deleted from Mailbox: 308
2013-04-01 13:32:02.078 [INFO] SANDCustomLogger.Class:40 - Message Deleted from Mailbox: 309
2013-04-01 13:32:02.328 [INFO] SANDCustomLogger.Class:40 - Message Deleted from Mailbox: 310
2013-04-01 13:32:02.609 [INFO] SANDCustomLogger.Class:40 - Message Deleted from Mailbox: 311
2013-04-01 13:32:02.875 [INFO] SANDCustomLogger.Class:40 - Message Deleted from Mailbox: 312
2013-04-01 13:32:03.093 [INFO] SANDCustomLogger.Class:40 - Message Deleted from Mailbox: 313
2013-04-01 13:32:03.343 [INFO] SANDCustomLogger.Class:40 - Message Deleted from Mailbox: 314
2013-04-01 13:32:03.609 [INFO] SANDCustomLogger.Class:40 - Message Deleted from Mailbox: 315
2013-04-01 13:32:03.843 [INFO] SANDCustomLogger.Class:40 - Message Deleted from Mailbox: 316
2013-04-01 13:32:04.125 [INFO] SANDCustomLogger.Class:40 - Message Deleted from Mailbox: 317
2013-04-01 13:32:06.421 [INFO] SANDCustomLogger.Class:40 - Message Deleted from Mailbox: 318
2013-04-01 13:32:06.640 [INFO] SANDCustomLogger.Class:40 - Message Deleted from Mailbox: 319
2013-04-01 13:32:06.906 [INFO] SANDCustomLogger.Class:40 - Message Deleted from Mailbox: 320
2013-04-01 13:32:07.250 [INFO] SANDCustomLogger.Class:40 - Message Deleted from Mailbox: 321
2013-04-01 13:32:07.593 [INFO] SANDCustomLogger.Class:40 - Message Deleted from Mailbox: 322
2013-04-01 13:32:07.828 [INFO] SANDCustomLogger.Class:40 - Message Deleted from Mailbox: 323
2013-04-01 13:32:08.062 [INFO] SANDCustomLogger.Class:40 - Message Deleted from Mailbox: 339
2013-04-01 13:32:08.296 [INFO] SANDCustomLogger.Class:40 - Message Deleted from Mailbox: 324
2013-04-01 13:32:08.531 [INFO] SANDCustomLogger.Class:40 - Message Deleted from Mailbox: 340
2013-04-01 13:32:08.750 [INFO] SANDCustomLogger.Class:40 - Message Deleted from Mailbox: 325
2013-04-01 13:32:08.984 [INFO] SANDCustomLogger.Class:40 - Message Deleted from Mailbox: 326
2013-04-01 13:32:09.250 [INFO] SANDCustomLogger.Class:40 - Message Deleted from Mailbox: 341
2013-04-01 13:32:09.453 [INFO] SANDCustomLogger.Class:40 - Message Deleted from Mailbox: 327
2013-04-01 13:32:09.734 [INFO] SANDCustomLogger.Class:40 - Message Deleted from Mailbox: 328
2013-04-01 13:32:09.968 [INFO] SANDCustomLogger.Class:40 - Message Deleted from Mailbox: 329
2013-04-01 13:32:10.187 [INFO] SANDCustomLogger.Class:40 - Message Deleted from Mailbox: 330
2013-04-01 13:32:10.390 [INFO] SANDCustomLogger.Class:40 - Message Deleted from Mailbox: 331
2013-04-01 13:32:10.625 [INFO] SANDCustomLogger.Class:40 - Message Deleted from Mailbox: 342
2013-04-01 13:32:10.843 [INFO] SANDCustomLogger.Class:40 - Message Deleted from Mailbox: 343
2013-04-01 13:32:11.046 [INFO] SANDCustomLogger.Class:40 - Message Deleted from Mailbox: 344
2013-04-01 13:32:14.312 [INFO] SANDCustomLogger.Class:40 - Message Deleted from Mailbox: 345
2013-04-01 13:32:14.531 [INFO] SANDCustomLogger.Class:40 - Message Deleted from Mailbox: 346
2013-04-01 13:32:14.765 [INFO] SANDCustomLogger.Class:40 - Message Deleted from Mailbox: 347
2013-04-01 13:32:14.984 [INFO] SANDCustomLogger.Class:40 - Message Deleted from Mailbox: 349
2013-04-01 13:32:21.531 [INFO] SANDCustomLogger.Class:40 - Message Deleted from Mailbox: 350
2013-04-01 13:32:21.796 [INFO] SANDCustomLogger.Class:40 - Message Deleted from Mailbox: 351
2013-04-01 13:32:22.031 [INFO] SANDCustomLogger.Class:40 - Message Deleted from Mailbox: 352
2013-04-01 13:32:23.859 [INFO] SANDCustomLogger.Class:40 - Message Deleted from Mailbox: 353
2013-04-01 13:32:24.218 [INFO] SANDCustomLogger.Class:40 - Message Deleted from Mailbox: 354
2013-04-01 13:32:24.484 [INFO] SANDCustomLogger.Class:40 - Message Deleted from Mailbox: 355
2013-04-01 13:32:24.671 [INFO] SANDCustomLogger.Class:40 - StatusChecker Started System Checker
2013-04-01 13:32:24.750 [INFO] SANDCustomLogger.Class:40 - Message Deleted from Mailbox: 356
2013-04-01 13:32:25.046 [INFO] SANDCustomLogger.Class:40 - Message Deleted from Mailbox: 357
2013-04-01 13:32:25.359 [INFO] SANDCustomLogger.Class:40 - Message Deleted from Mailbox: 358
2013-04-01 13:32:28.468 [INFO] SANDCustomLogger.Class:40 - Message Deleted from Mailbox: 359
2013-04-01 13:32:28.703 [INFO] SANDCustomLogger.Class:40 - Message Deleted from Mailbox: 360
2013-04-01 13:32:28.984 [INFO] SANDCustomLogger.Class:40 - Message Deleted from Mailbox: 361
2013-04-01 13:32:29.250 [INFO] SANDCustomLogger.Class:40 - Message Deleted from Mailbox: 363
2013-04-01 13:32:29.500 [INFO] SANDCustomLogger.Class:40 - Message Deleted from Mailbox: 364
2013-04-01 13:32:29.781 [INFO] SANDCustomLogger.Class:40 - Message Deleted from Mailbox: 365
2013-04-01 13:32:30.062 [INFO] SANDCustomLogger.Class:40 - Message Deleted from Mailbox: 366
2013-04-01 13:32:30.343 [INFO] SANDCustomLogger.Class:40 - Message Deleted from Mailbox: 367
2013-04-01 13:32:30.609 [INFO] SANDCustomLogger.Class:40 - Message Deleted from Mailbox: 368
2013-04-01 13:32:30.937 [INFO] SANDCustomLogger.Class:40 - Message Deleted from Mailbox: 369
2013-04-01 13:32:34.203 [INFO] SANDCustomLogger.Class:40 - Message Deleted from Mailbox: 370
2013-04-01 13:32:34.421 [INFO] SANDCustomLogger.Class:40 - Message Deleted from Mailbox: 371
2013-04-01 13:32:34.750 [INFO] SANDCustomLogger.Class:40 - Message Deleted from Mailbox: 372
2013-04-01 13:32:34.953 [INFO] SANDCustomLogger.Class:40 - Message Deleted from Mailbox: 373
2013-04-01 13:32:35.265 [INFO] SANDCustomLogger.Class:40 - Message Deleted from Mailbox: 374
2013-04-01 13:32:35.500 [INFO] SANDCustomLogger.Class:40 - Message Deleted from Mailbox: 375
2013-04-01 13:32:35.875 [INFO] SANDCustomLogger.Class:40 - Message Deleted from Mailbox: 376
2013-04-01 13:32:36.109 [INFO] SANDCustomLogger.Class:40 - Message Deleted from Mailbox: 377
2013-04-01 13:32:36.375 [INFO] SANDCustomLogger.Class:40 - Message Deleted from Mailbox: 378
2013-04-01 13:32:36.609 [INFO] SANDCustomLogger.Class:40 - Message Deleted from Mailbox: 379
2013-04-01 13:32:36.859 [INFO] SANDCustomLogger.Class:40 - Message Deleted from Mailbox: 380
2013-04-01 13:32:37.218 [INFO] SANDCustomLogger.Class:40 - Message Deleted from Mailbox: 381
2013-04-01 13:32:37.937 [INFO] SANDCustomLogger.Class:40 - Message Deleted from Mailbox: 382
2013-04-01 13:32:38.250 [INFO] SANDCustomLogger.Class:40 - Message Deleted from Mailbox: 383
2013-04-01 13:32:38.515 [INFO] SANDCustomLogger.Class:40 - Message Deleted from Mailbox: 384
2013-04-01 13:32:40.312 [INFO] SANDCustomLogger.Class:40 - Message Deleted from Mailbox: 385
2013-04-01 13:32:41.000 [INFO] SANDCustomLogger.Class:40 - Message Deleted from Mailbox: 386
2013-04-01 13:32:44.718 [INFO] SANDCustomLogger.Class:40 - Message Deleted from Mailbox: 387
2013-04-01 13:32:45.015 [INFO] SANDCustomLogger.Class:40 - Message Deleted from Mailbox: 388
2013-04-01 13:32:45.250 [INFO] SANDCustomLogger.Class:40 - Message Deleted from Mailbox: 389
2013-04-01 13:32:45.531 [INFO] SANDCustomLogger.Class:40 - Message Deleted from Mailbox: 390
2013-04-01 13:32:48.578 [INFO] SANDCustomLogger.Class:40 - Message Deleted from Mailbox: 391
2013-04-01 13:32:50.656 [INFO] SANDCustomLogger.Class:40 - Message Deleted from Mailbox: 392
2013-04-01 13:32:54.593 [INFO] SANDCustomLogger.Class:40 - Message Deleted from Mailbox: 393
2013-04-01 13:32:55.500 [INFO] SANDCustomLogger.Class:40 - Message Deleted from Mailbox: 394
2013-04-01 13:32:56.281 [INFO] SANDCustomLogger.Class:40 - Message Deleted from Mailbox: 395
2013-04-01 13:32:56.515 [INFO] SANDCustomLogger.Class:40 - Message Deleted from Mailbox: 396
2013-04-01 13:32:56.890 [INFO] SANDCustomLogger.Class:40 - Message Deleted from Mailbox: 397
2013-04-01 13:32:59.453 [INFO] SANDCustomLogger.Class:40 - Message Deleted from Mailbox: 398
2013-04-01 13:33:06.921 [ERROR] SANDCustomLogger.Class:16 - Can't Access Mailbox
2013-04-01 13:33:08.921 [INFO] SANDCustomLogger.Class:40 - Message Deleted from Mailbox: 399
2013-04-01 13:33:16.140 [INFO] SANDCustomLogger.Class:40 - Message Deleted from Mailbox: 400
2013-04-01 13:33:18.109 [INFO] SANDCustomLogger.Class:40 - Message Deleted from Mailbox: 401
2013-04-01 13:33:21.921 [INFO] SANDCustomLogger.Class:40 - Message Deleted from Mailbox: 402
2013-04-01 13:33:25.078 [INFO] SANDCustomLogger.Class:40 - Message Deleted from Mailbox: 403
2013-04-01 13:33:25.296 [INFO] SANDCustomLogger.Class:40 - Message Deleted from Mailbox: 404
2013-04-01 13:33:27.062 [INFO] SANDCustomLogger.Class:40 - StatusChecker Started System Checker
2013-04-01 13:33:27.375 [INFO] SANDCustomLogger.Class:40 - Message Deleted from Mailbox: 405
2013-04-01 13:33:27.640 [INFO] SANDCustomLogger.Class:40 - Message Deleted from Mailbox: 406
2013-04-01 13:33:27.921 [INFO] SANDCustomLogger.Class:40 - Message Deleted from Mailbox: 407
2013-04-01 13:33:28.125 [INFO] SANDCustomLogger.Class:40 - Message Deleted from Mailbox: 408
2013-04-01 13:33:28.343 [INFO] SANDCustomLogger.Class:40 - Message Deleted from Mailbox: 409
2013-04-01 13:34:09.781 [WARN] org.apache.http.impl.client.DefaultTargetAuthenticationHandler:149 - Authentication scheme ntlm not supported
2013-04-01 13:34:10.562 [INFO] SANDCustomLogger.Class:40 - Connected
2013-04-01 13:34:10.562 [INFO] SANDCustomLogger.Class:40 - completedSuccessfullyMailsize: 0
2013-04-01 13:34:10.953 [INFO] SANDCustomLogger.Class:40 - completedFailedMailsize: 0
2013-04-01 13:34:11.546 [INFO] SANDCustomLogger.Class:40 - PROCESSED sending FailedcompletedMails
2013-04-01 13:34:11.546 [INFO] SANDCustomLogger.Class:40 - completedPartiallyFailedMailsize: 0
2013-04-01 13:34:15.062 [INFO] SANDCustomLogger.Class:40 - PROCESSED sending PartiallyFailedcompletedMails
2013-04-01 13:34:28.625 [WARN] org.apache.http.impl.client.DefaultTargetAuthenticationHandler:149 - Authentication scheme ntlm not supported
2013-04-01 13:34:29.281 [INFO] SANDCustomLogger.Class:40 - MailReader : Connected into Main function Mail Reader
2013-04-01 13:34:29.453 [INFO] SANDCustomLogger.Class:40 - StatusChecker Started System Checker
2013-04-01 13:35:16.500 [WARN] org.apache.http.impl.client.DefaultTargetAuthenticationHandler:149 - Authentication scheme ntlm not supported
2013-04-01 13:35:22.937 [INFO] SANDCustomLogger.Class:40 - Connected
2013-04-01 13:35:22.953 [INFO] SANDCustomLogger.Class:40 - completedSuccessfullyMailsize: 0
2013-04-01 13:35:24.187 [INFO] SANDCustomLogger.Class:40 - completedFailedMailsize: 0
2013-04-01 13:35:26.515 [INFO] SANDCustomLogger.Class:40 - PROCESSED sending FailedcompletedMails
2013-04-01 13:35:26.515 [INFO] SANDCustomLogger.Class:40 - completedPartiallyFailedMailsize: 0
2013-04-01 13:35:28.656 [INFO] SANDCustomLogger.Class:40 - PROCESSED sending PartiallyFailedcompletedMails
2013-04-01 13:35:30.250 [WARN] org.apache.http.impl.client.DefaultTargetAuthenticationHandler:149 - Authentication scheme ntlm not supported
2013-04-01 13:35:31.859 [INFO] SANDCustomLogger.Class:40 - Connected
2013-04-01 13:35:32.062 [INFO] SANDCustomLogger.Class:40 - StatusChecker Started System Checker
2013-04-01 13:36:29.750 [WARN] org.apache.http.impl.client.DefaultTargetAuthenticationHandler:149 - Authentication scheme ntlm not supported
2013-04-01 13:36:31.078 [INFO] SANDCustomLogger.Class:40 - Connected
2013-04-01 13:36:31.078 [INFO] SANDCustomLogger.Class:40 - completedSuccessfullyMailsize: 0
2013-04-01 13:36:32.484 [INFO] SANDCustomLogger.Class:40 - completedFailedMailsize: 0
2013-04-01 13:36:35.234 [INFO] SANDCustomLogger.Class:40 - PROCESSED sending FailedcompletedMails
2013-04-01 13:36:35.234 [INFO] SANDCustomLogger.Class:40 - completedPartiallyFailedMailsize: 0
2013-04-01 13:36:38.765 [INFO] SANDCustomLogger.Class:40 - PROCESSED sending PartiallyFailedcompletedMails
2013-04-01 13:36:39.625 [INFO] SANDCustomLogger.Class:40 - StatusChecker Started System Checker
2013-04-01 13:36:40.187 [WARN] org.apache.http.impl.client.DefaultTargetAuthenticationHandler:149 - Authentication scheme ntlm not supported
2013-04-01 13:36:43.484 [INFO] SANDCustomLogger.Class:40 - MailReader : Connected into Main function Mail Reader
2013-04-01 13:37:39.031 [WARN] org.apache.http.impl.client.DefaultTargetAuthenticationHandler:149 - Authentication scheme ntlm not supported
2013-04-01 13:37:39.671 [INFO] SANDCustomLogger.Class:40 - Connected
2013-04-01 13:37:39.671 [INFO] SANDCustomLogger.Class:40 - completedSuccessfullyMailsize: 0
2013-04-01 13:37:40.093 [INFO] SANDCustomLogger.Class:40 - completedFailedMailsize: 0
2013-04-01 13:37:40.421 [INFO] SANDCustomLogger.Class:40 - PROCESSED sending FailedcompletedMails
2013-04-01 13:37:40.437 [INFO] SANDCustomLogger.Class:40 - completedPartiallyFailedMailsize: 0
2013-04-01 13:37:40.781 [INFO] SANDCustomLogger.Class:40 - PROCESSED sending PartiallyFailedcompletedMails
2013-04-01 13:37:42.140 [INFO] SANDCustomLogger.Class:40 - StatusChecker Started System Checker
2013-04-01 13:37:44.765 [WARN] org.apache.http.impl.client.DefaultTargetAuthenticationHandler:149 - Authentication scheme ntlm not supported
2013-04-01 13:37:47.375 [INFO] SANDCustomLogger.Class:40 - Connected
2013-04-01 13:38:41.203 [WARN] org.apache.http.impl.client.DefaultTargetAuthenticationHandler:149 - Authentication scheme ntlm not supported
2013-04-01 13:38:44.718 [INFO] SANDCustomLogger.Class:40 - Connected
2013-04-01 13:38:44.734 [INFO] SANDCustomLogger.Class:40 - completedSuccessfullyMailsize: 0
2013-04-01 13:38:44.750 [INFO] SANDCustomLogger.Class:40 - StatusChecker Started System Checker
2013-04-01 13:38:46.890 [INFO] SANDCustomLogger.Class:40 - completedFailedMailsize: 0
2013-04-01 13:38:48.812 [INFO] SANDCustomLogger.Class:40 - PROCESSED sending FailedcompletedMails
2013-04-01 13:38:48.812 [INFO] SANDCustomLogger.Class:40 - completedPartiallyFailedMailsize: 0
2013-04-01 13:38:50.046 [WARN] org.apache.http.impl.client.DefaultTargetAuthenticationHandler:149 - Authentication scheme ntlm not supported
2013-04-01 13:38:52.859 [INFO] SANDCustomLogger.Class:40 - PROCESSED sending PartiallyFailedcompletedMails
2013-04-01 13:38:53.031 [INFO] SANDCustomLogger.Class:40 - MailReader : Connected into Main function Mail Reader
2013-04-01 13:39:47.359 [INFO] SANDCustomLogger.Class:40 - StatusChecker Started System Checker
2013-04-01 13:39:53.093 [WARN] org.apache.http.impl.client.DefaultTargetAuthenticationHandler:149 - Authentication scheme ntlm not supported
2013-04-01 13:39:53.906 [INFO] SANDCustomLogger.Class:40 - Connected
2013-04-01 13:39:53.906 [INFO] SANDCustomLogger.Class:40 - completedSuccessfullyMailsize: 0
2013-04-01 13:39:54.406 [INFO] SANDCustomLogger.Class:40 - completedFailedMailsize: 0
2013-04-01 13:39:54.609 [WARN] org.apache.http.impl.client.DefaultTargetAuthenticationHandler:149 - Authentication scheme ntlm not supported
2013-04-01 13:39:55.218 [INFO] SANDCustomLogger.Class:40 - Connected
2013-04-01 13:39:58.093 [INFO] SANDCustomLogger.Class:40 - PROCESSED sending FailedcompletedMails
2013-04-01 13:39:58.093 [INFO] SANDCustomLogger.Class:40 - completedPartiallyFailedMailsize: 0
2013-04-01 13:39:58.906 [INFO] SANDCustomLogger.Class:40 - PROCESSED sending PartiallyFailedcompletedMails
2013-04-01 13:40:49.765 [INFO] SANDCustomLogger.Class:40 - StatusChecker Started System Checker
2013-04-01 13:40:56.609 [WARN] org.apache.http.impl.client.DefaultTargetAuthenticationHandler:149 - Authentication scheme ntlm not supported
2013-04-01 13:40:57.828 [INFO] SANDCustomLogger.Class:40 - MailReader : Connected into Main function Mail Reader
2013-04-01 13:40:59.156 [WARN] org.apache.http.impl.client.DefaultTargetAuthenticationHandler:149 - Authentication scheme ntlm not supported
2013-04-01 13:40:59.734 [INFO] SANDCustomLogger.Class:40 - Connected
2013-04-01 13:40:59.734 [INFO] SANDCustomLogger.Class:40 - completedSuccessfullyMailsize: 0
2013-04-01 13:41:00.109 [INFO] SANDCustomLogger.Class:40 - completedFailedMailsize: 0
2013-04-01 13:41:00.468 [INFO] SANDCustomLogger.Class:40 - PROCESSED sending FailedcompletedMails
2013-04-01 13:41:00.468 [INFO] SANDCustomLogger.Class:40 - completedPartiallyFailedMailsize: 0
2013-04-01 13:41:00.828 [INFO] SANDCustomLogger.Class:40 - PROCESSED sending PartiallyFailedcompletedMails
2013-04-01 13:41:52.234 [INFO] SANDCustomLogger.Class:40 - StatusChecker Started System Checker
2013-04-01 13:41:59.171 [WARN] org.apache.http.impl.client.DefaultTargetAuthenticationHandler:149 - Authentication scheme ntlm not supported
2013-04-01 13:42:01.234 [WARN] org.apache.http.impl.client.DefaultTargetAuthenticationHandler:149 - Authentication scheme ntlm not supported
2013-04-01 13:42:02.281 [INFO] SANDCustomLogger.Class:40 - Connected
2013-04-01 13:42:02.296 [INFO] SANDCustomLogger.Class:40 - completedSuccessfullyMailsize: 0
2013-04-01 13:42:02.906 [INFO] SANDCustomLogger.Class:40 - Connected
2013-04-01 13:42:04.015 [INFO] SANDCustomLogger.Class:40 - completedFailedMailsize: 0
2013-04-01 13:42:11.343 [INFO] SANDCustomLogger.Class:40 - PROCESSED sending FailedcompletedMails
2013-04-01 13:42:11.359 [INFO] SANDCustomLogger.Class:40 - completedPartiallyFailedMailsize: 0
2013-04-01 13:42:17.328 [INFO] SANDCustomLogger.Class:40 - PROCESSED sending PartiallyFailedcompletedMails
2013-04-01 13:42:54.750 [INFO] SANDCustomLogger.Class:40 - StatusChecker Started System Checker
2013-04-01 13:43:13.625 [WARN] org.apache.http.impl.client.DefaultTargetAuthenticationHandler:149 - Authentication scheme ntlm not supported
2013-04-01 13:43:17.718 [INFO] SANDCustomLogger.Class:40 - MailReader : Connected into Main function Mail Reader
2013-04-01 13:43:18.921 [WARN] org.apache.http.impl.client.DefaultTargetAuthenticationHandler:149 - Authentication scheme ntlm not supported
2013-04-01 13:43:23.593 [INFO] SANDCustomLogger.Class:40 - Connected
2013-04-01 13:43:23.593 [INFO] SANDCustomLogger.Class:40 - completedSuccessfullyMailsize: 0
2013-04-01 13:43:24.984 [INFO] SANDCustomLogger.Class:40 - completedFailedMailsize: 0
2013-04-01 13:43:25.718 [INFO] SANDCustomLogger.Class:40 - PROCESSED sending FailedcompletedMails
2013-04-01 13:43:25.734 [INFO] SANDCustomLogger.Class:40 - completedPartiallyFailedMailsize: 0
2013-04-01 13:43:26.203 [INFO] SANDCustomLogger.Class:40 - PROCESSED sending PartiallyFailedcompletedMails
2013-04-01 13:43:57.234 [INFO] SANDCustomLogger.Class:40 - StatusChecker Started System Checker
2013-04-01 13:44:20.093 [WARN] org.apache.http.impl.client.DefaultTargetAuthenticationHandler:149 - Authentication scheme ntlm not supported
2013-04-01 13:44:20.875 [INFO] SANDCustomLogger.Class:40 - Connected
2013-04-01 13:44:26.500 [WARN] org.apache.http.impl.client.DefaultTargetAuthenticationHandler:149 - Authentication scheme ntlm not supported
2013-04-01 13:44:27.859 [INFO] SANDCustomLogger.Class:40 - Connected
2013-04-01 13:44:27.859 [INFO] SANDCustomLogger.Class:40 - completedSuccessfullyMailsize: 0
2013-04-01 13:44:28.437 [INFO] SANDCustomLogger.Class:40 - completedFailedMailsize: 0
2013-04-01 13:44:29.015 [INFO] SANDCustomLogger.Class:40 - PROCESSED sending FailedcompletedMails
2013-04-01 13:44:29.015 [INFO] SANDCustomLogger.Class:40 - completedPartiallyFailedMailsize: 0
2013-04-01 13:44:29.531 [INFO] SANDCustomLogger.Class:40 - PROCESSED sending PartiallyFailedcompletedMails
2013-04-01 13:44:59.625 [INFO] SANDCustomLogger.Class:40 - StatusChecker Started System Checker
2013-04-01 13:45:23.750 [WARN] org.apache.http.impl.client.DefaultTargetAuthenticationHandler:149 - Authentication scheme ntlm not supported
2013-04-01 13:45:29.390 [INFO] SANDCustomLogger.Class:40 - MailReader : Connected into Main function Mail Reader
2013-04-01 13:45:30.312 [WARN] org.apache.http.impl.client.DefaultTargetAuthenticationHandler:149 - Authentication scheme ntlm not supported
2013-04-01 13:45:34.812 [INFO] SANDCustomLogger.Class:40 - Connected
2013-04-01 13:45:34.812 [INFO] SANDCustomLogger.Class:40 - completedSuccessfullyMailsize: 0
2013-04-01 13:45:39.531 [INFO] SANDCustomLogger.Class:40 - completedFailedMailsize: 0
2013-04-01 13:45:40.546 [INFO] SANDCustomLogger.Class:40 - PROCESSED sending FailedcompletedMails
2013-04-01 13:45:40.546 [INFO] SANDCustomLogger.Class:40 - completedPartiallyFailedMailsize: 0
2013-04-01 13:45:41.437 [INFO] SANDCustomLogger.Class:40 - PROCESSED sending PartiallyFailedcompletedMails
2013-04-01 13:46:02.125 [INFO] SANDCustomLogger.Class:40 - StatusChecker Started System Checker
2013-04-01 13:46:30.609 [WARN] org.apache.http.impl.client.DefaultTargetAuthenticationHandler:149 - Authentication scheme ntlm not supported
2013-04-01 13:46:31.312 [INFO] SANDCustomLogger.Class:40 - Connected
2013-04-01 13:46:42.468 [WARN] org.apache.http.impl.client.DefaultTargetAuthenticationHandler:149 - Authentication scheme ntlm not supported
2013-04-01 13:46:43.468 [INFO] SANDCustomLogger.Class:40 - Connected
2013-04-01 13:46:43.468 [INFO] SANDCustomLogger.Class:40 - completedSuccessfullyMailsize: 0
2013-04-01 13:46:43.812 [INFO] SANDCustomLogger.Class:40 - completedFailedMailsize: 0
2013-04-01 13:46:44.171 [INFO] SANDCustomLogger.Class:40 - PROCESSED sending FailedcompletedMails
2013-04-01 13:46:44.171 [INFO] SANDCustomLogger.Class:40 - completedPartiallyFailedMailsize: 0
2013-04-01 13:46:44.546 [INFO] SANDCustomLogger.Class:40 - PROCESSED sending PartiallyFailedcompletedMails
2013-04-01 13:47:04.656 [INFO] SANDCustomLogger.Class:40 - StatusChecker Started System Checker
2013-04-01 13:47:33.625 [WARN] org.apache.http.impl.client.DefaultTargetAuthenticationHandler:149 - Authentication scheme ntlm not supported
2013-04-01 13:47:40.984 [INFO] SANDCustomLogger.Class:40 - MailReader : Connected into Main function Mail Reader
2013-04-01 13:48:05.937 [ERROR] SANDCustomLogger.Class:16 - Can't Access Mailbox
2013-04-01 13:48:17.046 [INFO] SANDCustomLogger.Class:40 - StatusChecker Started System Checker
2013-04-01 13:48:46.781 [WARN] org.apache.http.impl.client.DefaultTargetAuthenticationHandler:149 - Authentication scheme ntlm not supported
2013-04-01 13:48:48.953 [INFO] SANDCustomLogger.Class:40 - Connected
2013-04-01 13:49:06.390 [WARN] org.apache.http.impl.client.DefaultTargetAuthenticationHandler:149 - Authentication scheme ntlm not supported
2013-04-01 13:49:10.156 [INFO] SANDCustomLogger.Class:40 - Connected
2013-04-01 13:49:10.156 [INFO] SANDCustomLogger.Class:40 - completedSuccessfullyMailsize: 0
2013-04-01 13:49:11.406 [INFO] SANDCustomLogger.Class:40 - completedFailedMailsize: 0
2013-04-01 13:49:13.562 [INFO] SANDCustomLogger.Class:40 - PROCESSED sending FailedcompletedMails
2013-04-01 13:49:13.562 [INFO] SANDCustomLogger.Class:40 - completedPartiallyFailedMailsize: 0
2013-04-01 13:49:15.328 [INFO] SANDCustomLogger.Class:40 - PROCESSED sending PartiallyFailedcompletedMails
2013-04-01 13:49:19.656 [INFO] SANDCustomLogger.Class:40 - StatusChecker Started System Checker
2013-04-01 13:49:55.156 [WARN] org.apache.http.impl.client.DefaultTargetAuthenticationHandler:149 - Authentication scheme ntlm not supported
2013-04-01 13:50:00.796 [INFO] SANDCustomLogger.Class:40 - MailReader : Connected into Main function Mail Reader
2013-04-01 13:50:17.156 [WARN] org.apache.http.impl.client.DefaultTargetAuthenticationHandler:149 - Authentication scheme ntlm not supported
2013-04-01 13:50:22.890 [INFO] SANDCustomLogger.Class:40 - Connected
2013-04-01 13:50:22.906 [INFO] SANDCustomLogger.Class:40 - completedSuccessfullyMailsize: 0
2013-04-01 13:50:27.359 [INFO] SANDCustomLogger.Class:40 - StatusChecker Started System Checker
2013-04-01 13:50:32.593 [INFO] SANDCustomLogger.Class:40 - completedFailedMailsize: 0
2013-04-01 13:50:38.875 [INFO] SANDCustomLogger.Class:40 - PROCESSED sending FailedcompletedMails
2013-04-01 13:50:38.875 [INFO] SANDCustomLogger.Class:40 - completedPartiallyFailedMailsize: 0
2013-04-01 13:50:54.906 [INFO] SANDCustomLogger.Class:40 - PROCESSED sending PartiallyFailedcompletedMails
2013-04-01 13:51:29.937 [INFO] SANDCustomLogger.Class:40 - StatusChecker Started System Checker
2013-04-01 13:51:37.578 [ERROR] SANDCustomLogger.Class:16 - Can't Access Mailbox
